<?xml version="1.0" encoding="UTF-8"?>
<!-- Generated by org.testng.reporters.JUnitXMLReporter -->
<testsuite ignored="0" hostname="DESKTOP-R8OT5TI" failures="0" tests="4" name="Test" time="6.831" errors="0" timestamp="2023-05-12T23:03:31 IST">
  <testcase classname="Day8.APIChainingCreateUser" name="createuser" time="4.338"/>
  <testcase classname="Day8.APIChainingGETUser" name="getuser" time="0.653"/>
  <testcase classname="Day8.APIChainUpdateUser" name="uodateuser" time="0.893"/>
  <testcase classname="Day8.APIChainingDeleteUser" name="deleteuser" time="0.841"/>
</testsuite> <!-- Test -->
