<?xml version="1.0" encoding="UTF-8"?>
<!-- Generated by org.testng.reporters.JUnitReportReporter -->
<testsuite hostname="DESKTOP-R8OT5TI" failures="0" tests="2" name="Day6.SerialnDeserialation" time="0.682" errors="2" timestamp="2023-05-09T18:46:38 IST" skipped="0">
  <testcase classname="Day6.SerialnDeserialation" name="ConvertPojoToJSON" time="0.183">
    <error message="Infinite recursion (StackOverflowError) (through reference chain: com.fasterxml.jackson.databind.ObjectMapper[&quot;factory&quot;]-&gt;com.fasterxml.jackson.databind.MappingJsonFactory[&quot;codec&quot;]-&gt;com.fasterxml.jackson.databind.ObjectMapper[&quot;factory&quot;]-&gt;com.fasterxml.jackson.databind.MappingJsonFactory[&quot;codec&quot;]-&gt;com.fasterxml.jackson.databind.ObjectMapper[&quot;factory&quot;]-&gt;com.fasterxml.jackson.databind.MappingJsonFactory[&quot;codec&quot;]-&gt;com.fasterxml.jackson.databind.ObjectMapper[&quot;factory&quot;]-&gt;com.fasterxml.jackson.databind.MappingJsonFactory[&quot;codec&quot;]-&gt;com.fasterxml.jackson.databind.ObjectMapper[&quot;factory&quot;]-&gt;com.fasterxml.jackson.databind.MappingJsonFactory[&quot;codec&quot;]-&gt;com.fasterxml.jackson.databind.ObjectMapper[&quot;factory&quot;]-&gt;com.fasterxml.jackson.databind.MappingJsonFactory[&quot;codec&quot;]-&gt;com.fasterxml.jackson.databind.ObjectMapper[&quot;factory&quot;]-&gt;com.fasterxml.jackson.databind.MappingJsonFactory[&quot;codec&quot;]-&gt;com.fasterxml.jackson.databind.ObjectMapper[&quot;factory&quot;]-&gt;com.fasterxml.jackson.databind.MappingJsonFactory[&quot;codec&quot;]-&gt;com.fasterxml.jackson.databind.ObjectMapper[&quot;factory&quot;]-&gt;com.fasterxml.jackson.databind.MappingJsonFactory[&quot;codec&quot;]-&gt;com.fasterxml.jackson.databind.ObjectMapper[&quot;factory&quot;]-&gt;com.fasterxml.jackson.databind.MappingJsonFactory[&quot;codec&quot;]-&gt;com.fasterxml.jackson.databind.ObjectMapper[&quot;factory&quot;]-&gt;com.fasterxml.jackson.databind.MappingJsonFactory[&quot;codec&quot;]-&gt;com.fasterxml.jackson.databind.ObjectMapper[&quot;factory&quot;]-&gt;com.fasterxml.jackson.databind.MappingJsonFactory[&quot;codec&quot;]-&gt;com.fasterxml.jackson.databind.ObjectMapper[&quot;factory&quot;]-&gt;com.fasterxml.jackson.databind.MappingJsonFactory[&quot;codec&quot;]-&gt;com.fasterxml.jackson.databind.ObjectMapper[&quot;factory&quot;]-&gt;com.fasterxml.jackson.databind.MappingJsonFactory[&quot;codec&quot;]-&gt;com.fasterxml.jackson.databind.ObjectMapper[&quot;factory&quot;]-&gt;com.fasterxml.jackson.databind.MappingJsonFactory[&quot;codec&quot;]-&gt;com.fasterxml.jackson.databind.ObjectMapper[&quot;factory&quot;]-&gt;com.fasterxml.jackson.databind.MappingJsonFactory[&quot;codec&quot;]-&gt;com.fasterxml.jackson.databind.ObjectMapper[&quot;factory&quot;]-&gt;com.fasterxml.jackson.databind.MappingJsonFactory[&quot;codec&quot;]-&gt;com.fasterxml.jackson.databind.ObjectMapper[&quot;factory&quot;]-&gt;com.fasterxml.jackson.databind.MappingJsonFactory[&quot;codec&quot;]-&gt;com.fasterxml.jackson.databind.ObjectMapper[&quot;factory&quot;]-&gt;com.fasterxml.jackson.databind.MappingJsonFactory[&quot;codec&quot;]-&gt;com.fasterxml.jackson.databind.ObjectMapper[&quot;factory&quot;]-&gt;com.fasterxml.jackson.databind.MappingJsonFactory[&quot;codec&quot;]-&gt;com.fasterxml.jackson.databind.ObjectMapper[&quot;factory&quot;]-&gt;com.fasterxml.jackson.databind.MappingJsonFactory[&quot;codec&quot;]-&gt;com.fasterxml.jackson.databind.ObjectMapper[&quot;factory&quot;]-&gt;com.fasterxml.jackson.databind.MappingJsonFactory[&quot;codec&quot;]-&gt;com.fasterxml.jackson.databind.ObjectMapper[&quot;factory&quot;]-&gt;com.fasterxml.jackson.databind.MappingJsonFactory[&quot;codec&quot;]-&gt;com.fasterxml.jackson.databind.ObjectMapper[&quot;factory&quot;]-&gt;com.fasterxml.jackson.databind.MappingJsonFactory[&quot;codec&quot;]-&gt;com.fasterxml.jackson.databind.ObjectMapper[&quot;factory&quot;]-&gt;com.fasterxml.jackson.databind.MappingJsonFactory[&quot;codec&quot;]-&gt;com.fasterxml.jackson.databind.ObjectMapper[&quot;factory&quot;]-&gt;com.fasterxml.jackson.databind.MappingJsonFactory[&quot;codec&quot;]-&gt;com.fasterxml.jackson.databind.ObjectMapper[&quot;factory&quot;]-&gt;com.fasterxml.jackson.databind.MappingJsonFactory[&quot;codec&quot;]-&gt;com.fasterxml.jackson.databind.ObjectMapper[&quot;factory&quot;]-&gt;com.fasterxml.jackson.databind.MappingJsonFactory[&quot;codec&quot;]-&gt;com.fasterxml.jackson.databind.ObjectMapper[&quot;factory&quot;]-&gt;com.fasterxml.jackson.databind.MappingJsonFactory[&quot;codec&quot;]-&gt;com.fasterxml.jackson.databind.ObjectMapper[&quot;factory&quot;]-&gt;com.fasterxml.jackson.databind.MappingJsonFactory[&quot;codec&quot;]-&gt;com.fasterxml.jackson.databind.ObjectMapper[&quot;factory&quot;]-&gt;com.fasterxml.jackson.databind.MappingJsonFactory[&quot;codec&quot;]-&gt;com.fasterxml.jackson.databind.ObjectMapper[&quot;factory&quot;]-&gt;com.fasterxml.jackson.databind.MappingJsonFactory[&quot;codec&quot;]-&gt;com.fasterxml.jackson.databind.ObjectMapper[&quot;factory&quot;]-&gt;com.fasterxml.jackson.databind.MappingJsonFactory[&quot;codec&quot;]-&gt;com.fasterxml.jackson.databind.ObjectMapper[&quot;factory&quot;]-&gt;com.fasterxml.jackson.databind.MappingJsonFactory[&quot;codec&quot;]-&gt;com.fasterxml.jackson.databind.ObjectMapper[&quot;factory&quot;]-&gt;com.fasterxml.jackson.databind.MappingJsonFactory[&quot;codec&quot;]-&gt;com.fasterxml.jackson.databind.ObjectMapper[&quot;factory&quot;]-&gt;com.fasterxml.jackson.databind.MappingJsonFactory[&quot;codec&quot;]-&gt;com.fasterxml.jackson.databind.ObjectMapper[&quot;factory&quot;]-&gt;com.fasterxml.jackson.databind.MappingJsonFactory[&quot;codec&quot;]-&gt;com.fasterxml.jackson.databind.ObjectMapper[&quot;factory&quot;]-&gt;com.fasterxml.jackson.databind.MappingJsonFactory[&quot;codec&quot;]-&gt;com.fasterxml.jackson.databind.ObjectMapper[&quot;factory&quot;]-&gt;com.fasterxml.jackson.databind.MappingJsonFactory[&quot;codec&quot;]-&gt;com.fasterxml.jackson.databind.ObjectMapper[&quot;factory&quot;]-&gt;com.fasterxml.jackson.databind.MappingJsonFactory[&quot;codec&quot;]-&gt;com.fasterxml.jackson.databind.ObjectMapper[&quot;factory&quot;]-&gt;com.fasterxml.jackson.databind.MappingJsonFactory[&quot;codec&quot;]-&gt;com.fasterxml.jackson.databind.ObjectMapper[&quot;factory&quot;]-&gt;com.fasterxml.jackson.databind.MappingJsonFactory[&quot;codec&quot;]-&gt;com.fasterxml.jackson.databind.ObjectMapper[&quot;factory&quot;]-&gt;com.fasterxml.jackson.databind.MappingJsonFactory[&quot;codec&quot;]-&gt;com.fasterxml.jackson.databind.ObjectMapper[&quot;factory&quot;]-&gt;com.fasterxml.jackson.databind.MappingJsonFactory[&quot;codec&quot;]-&gt;com.fasterxml.jackson.databind.ObjectMapper[&quot;factory&quot;]-&gt;com.fasterxml.jackson.databind.MappingJsonFactory[&quot;codec&quot;]-&gt;com.fasterxml.jackson.databind.ObjectMapper[&quot;factory&quot;]-&gt;com.fasterxml.jackson.databind.MappingJsonFactory[&quot;codec&quot;]-&gt;com.fasterxml.jackson.databind.ObjectMapper[&quot;factory&quot;]-&gt;com.fasterxml.jackson.databind.MappingJsonFactory[&quot;codec&quot;]-&gt;com.fasterxml.jackson.databind.ObjectMapper[&quot;factory&quot;]-&gt;com.fasterxml.jackson.databind.MappingJsonFactory[&quot;codec&quot;]-&gt;com.fasterxml.jackson.databind.ObjectMapper[&quot;factory&quot;]-&gt;com.fasterxml.jackson.databind.MappingJsonFactory[&quot;codec&quot;]-&gt;com.fasterxml.jackson.databind.ObjectMapper[&quot;factory&quot;]-&gt;com.fasterxml.jackson.databind.MappingJsonFactory[&quot;codec&quot;]-&gt;com.fasterxml.jackson.databind.ObjectMapper[&quot;factory&quot;]-&gt;com.fasterxml.jackson.databind.MappingJsonFactory[&quot;codec&quot;]-&gt;com.fasterxml.jackson.databind.ObjectMapper[&quot;factory&quot;]-&gt;com.fasterxml.jackson.databind.MappingJsonFactory[&quot;codec&quot;]-&gt;com.fasterxml.jackson.databind.ObjectMapper[&quot;factory&quot;]-&gt;com.fasterxml.jackson.databind.MappingJsonFactory[&quot;codec&quot;]-&gt;com.fasterxml.jackson.databind.ObjectMapper[&quot;factory&quot;]-&gt;com.fasterxml.jackson.databind.MappingJsonFactory[&quot;codec&quot;]-&gt;com.fasterxml.jackson.databind.ObjectMapper[&quot;factory&quot;]-&gt;com.fasterxml.jackson.databind.MappingJsonFactory[&quot;codec&quot;]-&gt;com.fasterxml.jackson.databind.ObjectMapper[&quot;factory&quot;]-&gt;com.fasterxml.jackson.databind.MappingJsonFactory[&quot;codec&quot;]-&gt;com.fasterxml.jackson.databind.ObjectMapper[&quot;factory&quot;]-&gt;com.fasterxml.jackson.databind.MappingJsonFactory[&quot;codec&quot;]-&gt;com.fasterxml.jackson.databind.ObjectMapper[&quot;factory&quot;]-&gt;com.fasterxml.jackson.databind.MappingJsonFactory[&quot;codec&quot;]-&gt;com.fasterxml.jackson.databind.ObjectMapper[&quot;factory&quot;]-&gt;com.fasterxml.jackson.databind.MappingJsonFactory[&quot;codec&quot;]-&gt;com.fasterxml.jackson.databind.ObjectMapper[&quot;factory&quot;]-&gt;com.fasterxml.jackson.databind.MappingJsonFactory[&quot;codec&quot;]-&gt;com.fasterxml.jackson.databind.ObjectMapper[&quot;factory&quot;]-&gt;com.fasterxml.jackson.databind.MappingJsonFactory[&quot;codec&quot;]-&gt;com.fasterxml.jackson.databind.ObjectMapper[&quot;factory&quot;]-&gt;com.fasterxml.jackson.databind.MappingJsonFactory[&quot;codec&quot;]-&gt;com.fasterxml.jackson.databind.ObjectMapper[&quot;factory&quot;]-&gt;com.fasterxml.jackson.databind.MappingJsonFactory[&quot;codec&quot;]-&gt;com.fasterxml.jackson.databind.ObjectMapper[&quot;factory&quot;]-&gt;com.fasterxml.jackson.databind.MappingJsonFactory[&quot;codec&quot;]-&gt;com.fasterxml.jackson.databind.ObjectMapper[&quot;factory&quot;]-&gt;com.fasterxml.jackson.databind.MappingJsonFactory[&quot;codec&quot;]-&gt;com.fasterxml.jackson.databind.ObjectMapper[&quot;factory&quot;]-&gt;com.fasterxml.jackson.databind.MappingJsonFactory[&quot;codec&quot;]-&gt;com.fasterxml.jackson.databind.ObjectMapper[&quot;factory&quot;]-&gt;com.fasterxml.jackson.databind.MappingJsonFactory[&quot;codec&quot;]-&gt;com.fasterxml.jackson.databind.ObjectMapper[&quot;factory&quot;]-&gt;com.fasterxml.jackson.databind.MappingJsonFactory[&quot;codec&quot;]-&gt;com.fasterxml.jackson.databind.ObjectMapper[&quot;factory&quot;]-&gt;com.fasterxml.jackson.databind.MappingJsonFactory[&quot;codec&quot;]-&gt;com.fasterxml.jackson.databind.ObjectMapper[&quot;factory&quot;]-&gt;com.fasterxml.jackson.databind.MappingJsonFactory[&quot;codec&quot;]-&gt;com.fasterxml.jackson.databind.ObjectMapper[&quot;factory&quot;]-&gt;com.fasterxml.jackson.databind.MappingJsonFactory[&quot;codec&quot;]-&gt;com.fasterxml.jackson.databind.ObjectMapper[&quot;factory&quot;]-&gt;com.fasterxml.jackson.databind.MappingJsonFactory[&quot;codec&quot;]-&gt;com.fasterxml.jackson.databind.ObjectMapper[&quot;factory&quot;]-&gt;com.fasterxml.jackson.databind.MappingJsonFactory[&quot;codec&quot;]-&gt;com.fasterxml.jackson.databind.ObjectMapper[&quot;factory&quot;]-&gt;com.fasterxml.jackson.databind.MappingJsonFactory[&quot;codec&quot;]-&gt;com.fasterxml.jackson.databind.ObjectMapper[&quot;factory&quot;]-&gt;com.fasterxml.jackson.databind.MappingJsonFactory[&quot;codec&quot;]-&gt;com.fasterxml.jackson.databind.ObjectMapper[&quot;factory&quot;]-&gt;com.fasterxml.jackson.databind.MappingJsonFactory[&quot;codec&quot;]-&gt;com.fasterxml.jackson.databind.ObjectMapper[&quot;factory&quot;]-&gt;com.fasterxml.jackson.databind.MappingJsonFactory[&quot;codec&quot;]-&gt;com.fasterxml.jackson.databind.ObjectMapper[&quot;factory&quot;]-&gt;com.fasterxml.jackson.databind.MappingJsonFactory[&quot;codec&quot;]-&gt;com.fasterxml.jackson.databind.ObjectMapper[&quot;factory&quot;]-&gt;com.fasterxml.jackson.databind.MappingJsonFactory[&quot;codec&quot;]-&gt;com.fasterxml.jackson.databind.ObjectMapper[&quot;factory&quot;]-&gt;com.fasterxml.jackson.databind.MappingJsonFactory[&quot;codec&quot;]-&gt;com.fasterxml.jackson.databind.ObjectMapper[&quot;factory&quot;]-&gt;com.fasterxml.jackson.databind.MappingJsonFactory[&quot;codec&quot;]-&gt;com.fasterxml.jackson.databind.ObjectMapper[&quot;factory&quot;]-&gt;com.fasterxml.jackson.databind.MappingJsonFactory[&quot;codec&quot;]-&gt;com.fasterxml.jackson.databind.ObjectMapper[&quot;factory&quot;]-&gt;com.fasterxml.jackson.databind.MappingJsonFactory[&quot;codec&quot;]-&gt;com.fasterxml.jackson.databind.ObjectMapper[&quot;factory&quot;]-&gt;com.fasterxml.jackson.databind.MappingJsonFactory[&quot;codec&quot;]-&gt;com.fasterxml.jackson.databind.ObjectMapper[&quot;factory&quot;]-&gt;com.fasterxml.jackson.databind.MappingJsonFactory[&quot;codec&quot;]-&gt;com.fasterxml.jackson.databind.ObjectMapper[&quot;factory&quot;]-&gt;com.fasterxml.jackson.databind.MappingJsonFactory[&quot;codec&quot;]-&gt;com.fasterxml.jackson.databind.ObjectMapper[&quot;factory&quot;]-&gt;com.fasterxml.jackson.databind.MappingJsonFactory[&quot;codec&quot;]-&gt;com.fasterxml.jackson.databind.ObjectMapper[&quot;factory&quot;]-&gt;com.fasterxml.jackson.databind.MappingJsonFactory[&quot;codec&quot;]-&gt;com.fasterxml.jackson.databind.ObjectMapper[&quot;factory&quot;]-&gt;com.fasterxml.jackson.databind.MappingJsonFactory[&quot;codec&quot;]-&gt;com.fasterxml.jackson.databind.ObjectMapper[&quot;factory&quot;]-&gt;com.fasterxml.jackson.databind.MappingJsonFactory[&quot;codec&quot;]-&gt;com.fasterxml.jackson.databind.ObjectMapper[&quot;factory&quot;]-&gt;com.fasterxml.jackson.databind.MappingJsonFactory[&quot;codec&quot;]-&gt;com.fasterxml.jackson.databind.ObjectMapper[&quot;factory&quot;]-&gt;com.fasterxml.jackson.databind.MappingJsonFactory[&quot;codec&quot;]-&gt;com.fasterxml.jackson.databind.ObjectMapper[&quot;factory&quot;]-&gt;com.fasterxml.jackson.databind.MappingJsonFactory[&quot;codec&quot;]-&gt;com.fasterxml.jackson.databind.ObjectMapper[&quot;factory&quot;]-&gt;com.fasterxml.jackson.databind.MappingJsonFactory[&quot;codec&quot;]-&gt;com.fasterxml.jackson.databind.ObjectMapper[&quot;factory&quot;]-&gt;com.fasterxml.jackson.databind.MappingJsonFactory[&quot;codec&quot;]-&gt;com.fasterxml.jackson.databind.ObjectMapper[&quot;factory&quot;]-&gt;com.fasterxml.jackson.databind.MappingJsonFactory[&quot;codec&quot;]-&gt;com.fasterxml.jackson.databind.ObjectMapper[&quot;factory&quot;]-&gt;com.fasterxml.jackson.databind.MappingJsonFactory[&quot;codec&quot;]-&gt;com.fasterxml.jackson.databind.ObjectMapper[&quot;factory&quot;]-&gt;com.fasterxml.jackson.databind.MappingJsonFactory[&quot;codec&quot;]-&gt;com.fasterxml.jackson.databind.ObjectMapper[&quot;factory&quot;]-&gt;com.fasterxml.jackson.databind.MappingJsonFactory[&quot;codec&quot;]-&gt;com.fasterxml.jackson.databind.ObjectMapper[&quot;factory&quot;]-&gt;com.fasterxml.jackson.databind.MappingJsonFactory[&quot;codec&quot;]-&gt;com.fasterxml.jackson.databind.ObjectMapper[&quot;factory&quot;]-&gt;com.fasterxml.jackson.databind.MappingJsonFactory[&quot;codec&quot;]-&gt;com.fasterxml.jackson.databind.ObjectMapper[&quot;factory&quot;]-&gt;com.fasterxml.jackson.databind.MappingJsonFactory[&quot;codec&quot;]-&gt;com.fasterxml.jackson.databind.ObjectMapper[&quot;factory&quot;]-&gt;com.fasterxml.jackson.databind.MappingJsonFactory[&quot;codec&quot;]-&gt;com.fasterxml.jackson.databind.ObjectMapper[&quot;factory&quot;]-&gt;com.fasterxml.jackson.databind.MappingJsonFactory[&quot;codec&quot;]-&gt;com.fasterxml.jackson.databind.ObjectMapper[&quot;factory&quot;]-&gt;com.fasterxml.jackson.databind.MappingJsonFactory[&quot;codec&quot;]-&gt;com.fasterxml.jackson.databind.ObjectMapper[&quot;factory&quot;]-&gt;com.fasterxml.jackson.databind.MappingJsonFactory[&quot;codec&quot;]-&gt;com.fasterxml.jackson.databind.ObjectMapper[&quot;factory&quot;]-&gt;com.fasterxml.jackson.databind.MappingJsonFactory[&quot;codec&quot;]-&gt;com.fasterxml.jackson.databind.ObjectMapper[&quot;factory&quot;]-&gt;com.fasterxml.jackson.databind.MappingJsonFactory[&quot;codec&quot;]-&gt;com.fasterxml.jackson.databind.ObjectMapper[&quot;factory&quot;]-&gt;com.fasterxml.jackson.databind.MappingJsonFactory[&quot;codec&quot;]-&gt;com.fasterxml.jackson.databind.ObjectMapper[&quot;factory&quot;]-&gt;com.fasterxml.jackson.databind.MappingJsonFactory[&quot;codec&quot;]-&gt;com.fasterxml.jackson.databind.ObjectMapper[&quot;factory&quot;]-&gt;com.fasterxml.jackson.databind.MappingJsonFactory[&quot;codec&quot;]-&gt;com.fasterxml.jackson.databind.ObjectMapper[&quot;factory&quot;]-&gt;com.fasterxml.jackson.databind.MappingJsonFactory[&quot;codec&quot;]-&gt;com.fasterxml.jackson.databind.ObjectMapper[&quot;factory&quot;]-&gt;com.fasterxml.jackson.databind.MappingJsonFactory[&quot;codec&quot;]-&gt;com.fasterxml.jackson.databind.ObjectMapper[&quot;factory&quot;]-&gt;com.fasterxml.jackson.databind.MappingJsonFactory[&quot;codec&quot;]-&gt;com.fasterxml.jackson.databind.ObjectMapper[&quot;factory&quot;]-&gt;com.fasterxml.jackson.databind.MappingJsonFactory[&quot;codec&quot;]-&gt;com.fasterxml.jackson.databind.ObjectMapper[&quot;factory&quot;]-&gt;com.fasterxml.jackson.databind.MappingJsonFactory[&quot;codec&quot;]-&gt;com.fasterxml.jackson.databind.ObjectMapper[&quot;factory&quot;]-&gt;com.fasterxml.jackson.databind.MappingJsonFactory[&quot;codec&quot;]-&gt;com.fasterxml.jackson.databind.ObjectMapper[&quot;factory&quot;]-&gt;com.fasterxml.jackson.databind.MappingJsonFactory[&quot;codec&quot;]-&gt;com.fasterxml.jackson.databind.ObjectMapper[&quot;factory&quot;]-&gt;com.fasterxml.jackson.databind.MappingJsonFactory[&quot;codec&quot;]-&gt;com.fasterxml.jackson.databind.ObjectMapper[&quot;factory&quot;]-&gt;com.fasterxml.jackson.databind.MappingJsonFactory[&quot;codec&quot;]-&gt;com.fasterxml.jackson.databind.ObjectMapper[&quot;factory&quot;]-&gt;com.fasterxml.jackson.databind.MappingJsonFactory[&quot;codec&quot;]-&gt;com.fasterxml.jackson.databind.ObjectMapper[&quot;factory&quot;]-&gt;com.fasterxml.jackson.databind.MappingJsonFactory[&quot;codec&quot;]-&gt;com.fasterxml.jackson.databind.ObjectMapper[&quot;factory&quot;]-&gt;com.fasterxml.jackson.databind.MappingJsonFactory[&quot;codec&quot;]-&gt;com.fasterxml.jackson.databind.ObjectMapper[&quot;factory&quot;]-&gt;com.fasterxml.jackson.databind.MappingJsonFactory[&quot;codec&quot;]-&gt;com.fasterxml.jackson.databind.ObjectMapper[&quot;factory&quot;]-&gt;com.fasterxml.jackson.databind.MappingJsonFactory[&quot;codec&quot;]-&gt;com.fasterxml.jackson.databind.ObjectMapper[&quot;factory&quot;]-&gt;com.fasterxml.jackson.databind.MappingJsonFactory[&quot;codec&quot;]-&gt;com.fasterxml.jackson.databind.ObjectMapper[&quot;factory&quot;]-&gt;com.fasterxml.jackson.databind.MappingJsonFactory[&quot;codec&quot;]-&gt;com.fasterxml.jackson.databind.ObjectMapper[&quot;factory&quot;]-&gt;com.fasterxml.jackson.databind.MappingJsonFactory[&quot;codec&quot;]-&gt;com.fasterxml.jackson.databind.ObjectMapper[&quot;factory&quot;]-&gt;com.fasterxml.jackson.databind.MappingJsonFactory[&quot;codec&quot;]-&gt;com.fasterxml.jackson.databind.ObjectMapper[&quot;factory&quot;]-&gt;com.fasterxml.jackson.databind.MappingJsonFactory[&quot;codec&quot;]-&gt;com.fasterxml.jackson.databind.ObjectMapper[&quot;factory&quot;]-&gt;com.fasterxml.jackson.databind.MappingJsonFactory[&quot;codec&quot;]-&gt;com.fasterxml.jackson.databind.ObjectMapper[&quot;factory&quot;]-&gt;com.fasterxml.jackson.databind.MappingJsonFactory[&quot;codec&quot;]-&gt;com.fasterxml.jackson.databind.ObjectMapper[&quot;factory&quot;]-&gt;com.fasterxml.jackson.databind.MappingJsonFactory[&quot;codec&quot;]-&gt;com.fasterxml.jackson.databind.ObjectMapper[&quot;factory&quot;]-&gt;com.fasterxml.jackson.databind.MappingJsonFactory[&quot;codec&quot;]-&gt;com.fasterxml.jackson.databind.ObjectMapper[&quot;factory&quot;]-&gt;com.fasterxml.jackson.databind.MappingJsonFactory[&quot;codec&quot;]-&gt;com.fasterxml.jackson.databind.ObjectMapper[&quot;factory&quot;]-&gt;com.fasterxml.jackson.databind.MappingJsonFactory[&quot;codec&quot;]-&gt;com.fasterxml.jackson.databind.ObjectMapper[&quot;factory&quot;]-&gt;com.fasterxml.jackson.databind.MappingJsonFactory[&quot;codec&quot;]-&gt;com.fasterxml.jackson.databind.ObjectMapper[&quot;factory&quot;]-&gt;com.fasterxml.jackson.databind.MappingJsonFactory[&quot;codec&quot;]-&gt;com.fasterxml.jackson.databind.ObjectMapper[&quot;factory&quot;]-&gt;com.fasterxml.jackson.databind.MappingJsonFactory[&quot;codec&quot;]-&gt;com.fasterxml.jackson.databind.ObjectMapper[&quot;factory&quot;]-&gt;com.fasterxml.jackson.databind.MappingJsonFactory[&quot;codec&quot;]-&gt;com.fasterxml.jackson.databind.ObjectMapper[&quot;factory&quot;]-&gt;com.fasterxml.jackson.databind.MappingJsonFactory[&quot;codec&quot;]-&gt;com.fasterxml.jackson.databind.ObjectMapper[&quot;factory&quot;]-&gt;com.fasterxml.jackson.databind.MappingJsonFactory[&quot;codec&quot;]-&gt;com.fasterxml.jackson.databind.ObjectMapper[&quot;factory&quot;]-&gt;com.fasterxml.jackson.databind.MappingJsonFactory[&quot;codec&quot;]-&gt;com.fasterxml.jackson.databind.ObjectMapper[&quot;factory&quot;]-&gt;com.fasterxml.jackson.databind.MappingJsonFactory[&quot;codec&quot;]-&gt;com.fasterxml.jackson.databind.ObjectMapper[&quot;factory&quot;]-&gt;com.fasterxml.jackson.databind.MappingJsonFactory[&quot;codec&quot;]-&gt;com.fasterxml.jackson.databind.ObjectMapper[&quot;factory&quot;]-&gt;com.fasterxml.jackson.databind.MappingJsonFactory[&quot;codec&quot;]-&gt;com.fasterxml.jackson.databind.ObjectMapper[&quot;factory&quot;]-&gt;com.fasterxml.jackson.databind.MappingJsonFactory[&quot;codec&quot;]-&gt;com.fasterxml.jackson.databind.ObjectMapper[&quot;factory&quot;]-&gt;com.fasterxml.jackson.databind.MappingJsonFactory[&quot;codec&quot;]-&gt;com.fasterxml.jackson.databind.ObjectMapper[&quot;factory&quot;]-&gt;com.fasterxml.jackson.databind.MappingJsonFactory[&quot;codec&quot;]-&gt;com.fasterxml.jackson.databind.ObjectMapper[&quot;factory&quot;]-&gt;com.fasterxml.jackson.databind.MappingJsonFactory[&quot;codec&quot;]-&gt;com.fasterxml.jackson.databind.ObjectMapper[&quot;factory&quot;]-&gt;com.fasterxml.jackson.databind.MappingJsonFactory[&quot;codec&quot;]-&gt;com.fasterxml.jackson.databind.ObjectMapper[&quot;factory&quot;]-&gt;com.fasterxml.jackson.databind.MappingJsonFactory[&quot;codec&quot;]-&gt;com.fasterxml.jackson.databind.ObjectMapper[&quot;factory&quot;]-&gt;com.fasterxml.jackson.databind.MappingJsonFactory[&quot;codec&quot;]-&gt;com.fasterxml.jackson.databind.ObjectMapper[&quot;factory&quot;]-&gt;com.fasterxml.jackson.databind.MappingJsonFactory[&quot;codec&quot;]-&gt;com.fasterxml.jackson.databind.ObjectMapper[&quot;factory&quot;]-&gt;com.fasterxml.jackson.databind.MappingJsonFactory[&quot;codec&quot;]-&gt;com.fasterxml.jackson.databind.ObjectMapper[&quot;factory&quot;]-&gt;com.fasterxml.jackson.databind.MappingJsonFactory[&quot;codec&quot;]-&gt;com.fasterxml.jackson.databind.ObjectMapper[&quot;factory&quot;]-&gt;com.fasterxml.jackson.databind.MappingJsonFactory[&quot;codec&quot;]-&gt;com.fasterxml.jackson.databind.ObjectMapper[&quot;factory&quot;]-&gt;com.fasterxml.jackson.databind.MappingJsonFactory[&quot;codec&quot;]-&gt;com.fasterxml.jackson.databind.ObjectMapper[&quot;factory&quot;]-&gt;com.fasterxml.jackson.databind.MappingJsonFactory[&quot;codec&quot;]-&gt;com.fasterxml.jackson.databind.ObjectMapper[&quot;factory&quot;]-&gt;com.fasterxml.jackson.databind.MappingJsonFactory[&quot;codec&quot;]-&gt;com.fasterxml.jackson.databind.ObjectMapper[&quot;factory&quot;]-&gt;com.fasterxml.jackson.databind.MappingJsonFactory[&quot;codec&quot;]-&gt;com.fasterxml.jackson.databind.ObjectMapper[&quot;factory&quot;]-&gt;com.fasterxml.jackson.databind.MappingJsonFactory[&quot;codec&quot;]-&gt;com.fasterxml.jackson.databind.ObjectMapper[&quot;factory&quot;]-&gt;com.fasterxml.jackson.databind.MappingJsonFactory[&quot;codec&quot;]-&gt;com.fasterxml.jackson.databind.ObjectMapper[&quot;factory&quot;]-&gt;com.fasterxml.jackson.databind.MappingJsonFactory[&quot;codec&quot;]-&gt;com.fasterxml.jackson.databind.ObjectMapper[&quot;factory&quot;]-&gt;com.fasterxml.jackson.databind.MappingJsonFactory[&quot;codec&quot;]-&gt;com.fasterxml.jackson.databind.ObjectMapper[&quot;factory&quot;]-&gt;com.fasterxml.jackson.databind.MappingJsonFactory[&quot;codec&quot;]-&gt;com.fasterxml.jackson.databind.ObjectMapper[&quot;factory&quot;]-&gt;com.fasterxml.jackson.databind.MappingJsonFactory[&quot;codec&quot;]-&gt;com.fasterxml.jackson.databind.ObjectMapper[&quot;factory&quot;]-&gt;com.fasterxml.jackson.databind.MappingJsonFactory[&quot;codec&quot;]-&gt;com.fasterxml.jackson.databind.ObjectMapper[&quot;factory&quot;]-&gt;com.fasterxml.jackson.databind.MappingJsonFactory[&quot;codec&quot;]-&gt;com.fasterxml.jackson.databind.ObjectMapper[&quot;factory&quot;]-&gt;com.fasterxml.jackson.databind.MappingJsonFactory[&quot;codec&quot;]-&gt;com.fasterxml.jackson.databind.ObjectMapper[&quot;factory&quot;]-&gt;com.fasterxml.jackson.databind.MappingJsonFactory[&quot;codec&quot;]-&gt;com.fasterxml.jackson.databind.ObjectMapper[&quot;factory&quot;]-&gt;com.fasterxml.jackson.databind.MappingJsonFactory[&quot;codec&quot;]-&gt;com.fasterxml.jackson.databind.ObjectMapper[&quot;factory&quot;]-&gt;com.fasterxml.jackson.databind.MappingJsonFactory[&quot;codec&quot;]-&gt;com.fasterxml.jackson.databind.ObjectMapper[&quot;factory&quot;]-&gt;com.fasterxml.jackson.databind.MappingJsonFactory[&quot;codec&quot;]-&gt;com.fasterxml.jackson.databind.ObjectMapper[&quot;factory&quot;]-&gt;com.fasterxml.jackson.databind.MappingJsonFactory[&quot;codec&quot;]-&gt;com.fasterxml.jackson.databind.ObjectMapper[&quot;factory&quot;]-&gt;com.fasterxml.jackson.databind.MappingJsonFactory[&quot;codec&quot;]-&gt;com.fasterxml.jackson.databind.ObjectMapper[&quot;factory&quot;]-&gt;com.fasterxml.jackson.databind.MappingJsonFactory[&quot;codec&quot;]-&gt;com.fasterxml.jackson.databind.ObjectMapper[&quot;factory&quot;]-&gt;com.fasterxml.jackson.databind.MappingJsonFactory[&quot;codec&quot;]-&gt;com.fasterxml.jackson.databind.ObjectMapper[&quot;factory&quot;]-&gt;com.fasterxml.jackson.databind.MappingJsonFactory[&quot;codec&quot;]-&gt;com.fasterxml.jackson.databind.ObjectMapper[&quot;factory&quot;]-&gt;com.fasterxml.jackson.databind.MappingJsonFactory[&quot;codec&quot;]-&gt;com.fasterxml.jackson.databind.ObjectMapper[&quot;factory&quot;]-&gt;com.fasterxml.jackson.databind.MappingJsonFactory[&quot;codec&quot;]-&gt;com.fasterxml.jackson.databind.ObjectMapper[&quot;factory&quot;]-&gt;com.fasterxml.jackson.databind.MappingJsonFactory[&quot;codec&quot;]-&gt;com.fasterxml.jackson.databind.ObjectMapper[&quot;factory&quot;]-&gt;com.fasterxml.jackson.databind.MappingJsonFactory[&quot;codec&quot;]-&gt;com.fasterxml.jackson.databind.ObjectMapper[&quot;factory&quot;]-&gt;com.fasterxml.jackson.databind.MappingJsonFactory[&quot;codec&quot;]-&gt;com.fasterxml.jackson.databind.ObjectMapper[&quot;factory&quot;]-&gt;com.fasterxml.jackson.databind.MappingJsonFactory[&quot;codec&quot;]-&gt;com.fasterxml.jackson.databind.ObjectMapper[&quot;factory&quot;]-&gt;com.fasterxml.jackson.databind.MappingJsonFactory[&quot;codec&quot;]-&gt;com.fasterxml.jackson.databind.ObjectMapper[&quot;factory&quot;]-&gt;com.fasterxml.jackson.databind.MappingJsonFactory[&quot;codec&quot;]-&gt;com.fasterxml.jackson.databind.ObjectMapper[&quot;factory&quot;]-&gt;com.fasterxml.jackson.databind.MappingJsonFactory[&quot;codec&quot;]-&gt;com.fasterxml.jackson.databind.ObjectMapper[&quot;factory&quot;]-&gt;com.fasterxml.jackson.databind.MappingJsonFactory[&quot;codec&quot;]-&gt;com.fasterxml.jackson.databind.ObjectMapper[&quot;factory&quot;]-&gt;com.fasterxml.jackson.databind.MappingJsonFactory[&quot;codec&quot;]-&gt;com.fasterxml.jackson.databind.ObjectMapper[&quot;factory&quot;]-&gt;com.fasterxml.jackson.databind.MappingJsonFactory[&quot;codec&quot;]-&gt;com.fasterxml.jackson.databind.ObjectMapper[&quot;factory&quot;]-&gt;com.fasterxml.jackson.databind.MappingJsonFactory[&quot;codec&quot;]-&gt;com.fasterxml.jackson.databind.ObjectMapper[&quot;factory&quot;]-&gt;com.fasterxml.jackson.databind.MappingJsonFactory[&quot;codec&quot;]-&gt;com.fasterxml.jackson.databind.ObjectMapper[&quot;factory&quot;]-&gt;com.fasterxml.jackson.databind.MappingJsonFactory[&quot;codec&quot;]-&gt;com.fasterxml.jackson.databind.ObjectMapper[&quot;factory&quot;]-&gt;com.fasterxml.jackson.databind.MappingJsonFactory[&quot;codec&quot;]-&gt;com.fasterxml.jackson.databind.ObjectMapper[&quot;factory&quot;]-&gt;com.fasterxml.jackson.databind.MappingJsonFactory[&quot;codec&quot;]-&gt;com.fasterxml.jackson.databind.ObjectMapper[&quot;factory&quot;]-&gt;com.fasterxml.jackson.databind.MappingJsonFactory[&quot;codec&quot;]-&gt;com.fasterxml.jackson.databind.ObjectMapper[&quot;factory&quot;]-&gt;com.fasterxml.jackson.databind.MappingJsonFactory[&quot;codec&quot;]-&gt;com.fasterxml.jackson.databind.ObjectMapper[&quot;factory&quot;]-&gt;com.fasterxml.jackson.databind.MappingJsonFactory[&quot;codec&quot;]-&gt;com.fasterxml.jackson.databind.ObjectMapper[&quot;factory&quot;]-&gt;com.fasterxml.jackson.databind.MappingJsonFactory[&quot;codec&quot;]-&gt;com.fasterxml.jackson.databind.ObjectMapper[&quot;factory&quot;]-&gt;com.fasterxml.jackson.databind.MappingJsonFactory[&quot;codec&quot;]-&gt;com.fasterxml.jackson.databind.ObjectMapper[&quot;factory&quot;]-&gt;com.fasterxml.jackson.databind.MappingJsonFactory[&quot;codec&quot;]-&gt;com.fasterxml.jackson.databind.ObjectMapper[&quot;factory&quot;]-&gt;com.fasterxml.jackson.databind.MappingJsonFactory[&quot;codec&quot;]-&gt;com.fasterxml.jackson.databind.ObjectMapper[&quot;factory&quot;]-&gt;com.fasterxml.jackson.databind.MappingJsonFactory[&quot;codec&quot;]-&gt;com.fasterxml.jackson.databind.ObjectMapper[&quot;factory&quot;]-&gt;com.fasterxml.jackson.databind.MappingJsonFactory[&quot;codec&quot;]-&gt;com.fasterxml.jackson.databind.ObjectMapper[&quot;factory&quot;]-&gt;com.fasterxml.jackson.databind.MappingJsonFactory[&quot;codec&quot;]-&gt;com.fasterxml.jackson.databind.ObjectMapper[&quot;factory&quot;]-&gt;com.fasterxml.jackson.databind.MappingJsonFactory[&quot;codec&quot;]-&gt;com.fasterxml.jackson.databind.ObjectMapper[&quot;factory&quot;]-&gt;com.fasterxml.jackson.databind.MappingJsonFactory[&quot;codec&quot;]-&gt;com.fasterxml.jackson.databind.ObjectMapper[&quot;factory&quot;]-&gt;com.fasterxml.jackson.databind.MappingJsonFactory[&quot;codec&quot;]-&gt;com.fasterxml.jackson.databind.ObjectMapper[&quot;factory&quot;]-&gt;com.fasterxml.jackson.databind.MappingJsonFactory[&quot;codec&quot;]-&gt;com.fasterxml.jackson.databind.ObjectMapper[&quot;factory&quot;]-&gt;com.fasterxml.jackson.databind.MappingJsonFactory[&quot;codec&quot;]-&gt;com.fasterxml.jackson.databind.ObjectMapper[&quot;factory&quot;]-&gt;com.fasterxml.jackson.databind.MappingJsonFactory[&quot;codec&quot;]-&gt;com.fasterxml.jackson.databind.ObjectMapper[&quot;factory&quot;]-&gt;com.fasterxml.jackson.databind.MappingJsonFactory[&quot;codec&quot;]-&gt;com.fasterxml.jackson.databind.ObjectMapper[&quot;factory&quot;]-&gt;com.fasterxml.jackson.databind.MappingJsonFactory[&quot;codec&quot;]-&gt;com.fasterxml.jackson.databind.ObjectMapper[&quot;factory&quot;]-&gt;com.fasterxml.jackson.databind.MappingJsonFactory[&quot;codec&quot;]-&gt;com.fasterxml.jackson.databind.ObjectMapper[&quot;factory&quot;]-&gt;com.fasterxml.jackson.databind.MappingJsonFactory[&quot;codec&quot;]-&gt;com.fasterxml.jackson.databind.ObjectMapper[&quot;factory&quot;]-&gt;com.fasterxml.jackson.databind.MappingJsonFactory[&quot;codec&quot;]-&gt;com.fasterxml.jackson.databind.ObjectMapper[&quot;factory&quot;]-&gt;com.fasterxml.jackson.databind.MappingJsonFactory[&quot;codec&quot;]-&gt;com.fasterxml.jackson.databind.ObjectMapper[&quot;factory&quot;]-&gt;com.fasterxml.jackson.databind.MappingJsonFactory[&quot;codec&quot;]-&gt;com.fasterxml.jackson.databind.ObjectMapper[&quot;factory&quot;]-&gt;com.fasterxml.jackson.databind.MappingJsonFactory[&quot;codec&quot;]-&gt;com.fasterxml.jackson.databind.ObjectMapper[&quot;factory&quot;]-&gt;com.fasterxml.jackson.databind.MappingJsonFactory[&quot;codec&quot;]-&gt;com.fasterxml.jackson.databind.ObjectMapper[&quot;factory&quot;]-&gt;com.fasterxml.jackson.databind.MappingJsonFactory[&quot;codec&quot;]-&gt;com.fasterxml.jackson.databind.ObjectMapper[&quot;factory&quot;]-&gt;com.fasterxml.jackson.databind.MappingJsonFactory[&quot;codec&quot;]-&gt;com.fasterxml.jackson.databind.ObjectMapper[&quot;factory&quot;]-&gt;com.fasterxml.jackson.databind.MappingJsonFactory[&quot;codec&quot;]-&gt;com.fasterxml.jackson.databind.ObjectMapper[&quot;factory&quot;]-&gt;com.fasterxml.jackson.databind.MappingJsonFactory[&quot;codec&quot;]-&gt;com.fasterxml.jackson.databind.ObjectMapper[&quot;factory&quot;]-&gt;com.fasterxml.jackson.databind.MappingJsonFactory[&quot;codec&quot;]-&gt;com.fasterxml.jackson.databind.ObjectMapper[&quot;factory&quot;]-&gt;com.fasterxml.jackson.databind.MappingJsonFactory[&quot;codec&quot;]-&gt;com.fasterxml.jackson.databind.ObjectMapper[&quot;factory&quot;]-&gt;com.fasterxml.jackson.databind.MappingJsonFactory[&quot;codec&quot;]-&gt;com.fasterxml.jackson.databind.ObjectMapper[&quot;factory&quot;]-&gt;com.fasterxml.jackson.databind.MappingJsonFactory[&quot;codec&quot;]-&gt;com.fasterxml.jackson.databind.ObjectMapper[&quot;factory&quot;]-&gt;com.fasterxml.jackson.databind.MappingJsonFactory[&quot;codec&quot;]-&gt;com.fasterxml.jackson.databind.ObjectMapper[&quot;factory&quot;]-&gt;com.fasterxml.jackson.databind.MappingJsonFactory[&quot;codec&quot;]-&gt;com.fasterxml.jackson.databind.ObjectMapper[&quot;factory&quot;]-&gt;com.fasterxml.jackson.databind.MappingJsonFactory[&quot;codec&quot;]-&gt;com.fasterxml.jackson.databind.ObjectMapper[&quot;factory&quot;]-&gt;com.fasterxml.jackson.databind.MappingJsonFactory[&quot;codec&quot;]-&gt;com.fasterxml.jackson.databind.ObjectMapper[&quot;factory&quot;]-&gt;com.fasterxml.jackson.databind.MappingJsonFactory[&quot;codec&quot;]-&gt;com.fasterxml.jackson.databind.ObjectMapper[&quot;factory&quot;]-&gt;com.fasterxml.jackson.databind.MappingJsonFactory[&quot;codec&quot;]-&gt;com.fasterxml.jackson.databind.ObjectMapper[&quot;factory&quot;]-&gt;com.fasterxml.jackson.databind.MappingJsonFactory[&quot;codec&quot;]-&gt;com.fasterxml.jackson.databind.ObjectMapper[&quot;factory&quot;]-&gt;com.fasterxml.jackson.databind.MappingJsonFactory[&quot;codec&quot;]-&gt;com.fasterxml.jackson.databind.ObjectMapper[&quot;factory&quot;]-&gt;com.fasterxml.jackson.databind.MappingJsonFactory[&quot;codec&quot;]-&gt;com.fasterxml.jackson.databind.ObjectMapper[&quot;factory&quot;]-&gt;com.fasterxml.jackson.databind.MappingJsonFactory[&quot;codec&quot;]-&gt;com.fasterxml.jackson.databind.ObjectMapper[&quot;factory&quot;]-&gt;com.fasterxml.jackson.databind.MappingJsonFactory[&quot;codec&quot;]-&gt;com.fasterxml.jackson.databind.ObjectMapper[&quot;factory&quot;]-&gt;com.fasterxml.jackson.databind.MappingJsonFactory[&quot;codec&quot;]-&gt;com.fasterxml.jackson.databind.ObjectMapper[&quot;factory&quot;]-&gt;com.fasterxml.jackson.databind.MappingJsonFactory[&quot;codec&quot;]-&gt;com.fasterxml.jackson.databind.ObjectMapper[&quot;factory&quot;]-&gt;com.fasterxml.jackson.databind.MappingJsonFactory[&quot;codec&quot;]-&gt;com.fasterxml.jackson.databind.ObjectMapper[&quot;factory&quot;]-&gt;com.fasterxml.jackson.databind.MappingJsonFactory[&quot;codec&quot;]-&gt;com.fasterxml.jackson.databind.ObjectMapper[&quot;factory&quot;]-&gt;com.fasterxml.jackson.databind.MappingJsonFactory[&quot;codec&quot;]-&gt;com.fasterxml.jackson.databind.ObjectMapper[&quot;factory&quot;]-&gt;com.fasterxml.jackson.databind.MappingJsonFactory[&quot;codec&quot;]-&gt;com.fasterxml.jackson.databind.ObjectMapper[&quot;factory&quot;]-&gt;com.fasterxml.jackson.databind.MappingJsonFactory[&quot;codec&quot;]-&gt;com.fasterxml.jackson.databind.ObjectMapper[&quot;factory&quot;]-&gt;com.fasterxml.jackson.databind.MappingJsonFactory[&quot;codec&quot;]-&gt;com.fasterxml.jackson.databind.ObjectMapper[&quot;factory&quot;]-&gt;com.fasterxml.jackson.databind.MappingJsonFactory[&quot;codec&quot;]-&gt;com.fasterxml.jackson.databind.ObjectMapper[&quot;factory&quot;]-&gt;com.fasterxml.jackson.databind.MappingJsonFactory[&quot;codec&quot;]-&gt;com.fasterxml.jackson.databind.ObjectMapper[&quot;factory&quot;]-&gt;com.fasterxml.jackson.databind.MappingJsonFactory[&quot;codec&quot;]-&gt;com.fasterxml.jackson.databind.ObjectMapper[&quot;factory&quot;]-&gt;com.fasterxml.jackson.databind.MappingJsonFactory[&quot;codec&quot;]-&gt;com.fasterxml.jackson.databind.ObjectMapper[&quot;factory&quot;]-&gt;com.fasterxml.jackson.databind.MappingJsonFactory[&quot;codec&quot;]-&gt;com.fasterxml.jackson.databind.ObjectMapper[&quot;factory&quot;]-&gt;com.fasterxml.jackson.databind.MappingJsonFactory[&quot;codec&quot;]-&gt;com.fasterxml.jackson.databind.ObjectMapper[&quot;factory&quot;]-&gt;com.fasterxml.jackson.databind.MappingJsonFactory[&quot;codec&quot;]-&gt;com.fasterxml.jackson.databind.ObjectMapper[&quot;factory&quot;]-&gt;com.fasterxml.jackson.databind.MappingJsonFactory[&quot;codec&quot;]-&gt;com.fasterxml.jackson.databind.ObjectMapper[&quot;factory&quot;]-&gt;com.fasterxml.jackson.databind.MappingJsonFactory[&quot;codec&quot;]-&gt;com.fasterxml.jackson.databind.ObjectMapper[&quot;factory&quot;]-&gt;com.fasterxml.jackson.databind.MappingJsonFactory[&quot;codec&quot;]-&gt;com.fasterxml.jackson.databind.ObjectMapper[&quot;factory&quot;]-&gt;com.fasterxml.jackson.databind.MappingJsonFactory[&quot;codec&quot;]-&gt;com.fasterxml.jackson.databind.ObjectMapper[&quot;factory&quot;]-&gt;com.fasterxml.jackson.databind.MappingJsonFactory[&quot;codec&quot;]-&gt;com.fasterxml.jackson.databind.ObjectMapper[&quot;factory&quot;]-&gt;com.fasterxml.jackson.databind.MappingJsonFactory[&quot;codec&quot;]-&gt;com.fasterxml.jackson.databind.ObjectMapper[&quot;factory&quot;]-&gt;com.fasterxml.jackson.databind.MappingJsonFactory[&quot;codec&quot;]-&gt;com.fasterxml.jackson.databind.ObjectMapper[&quot;factory&quot;]-&gt;com.fasterxml.jackson.databind.MappingJsonFactory[&quot;codec&quot;]-&gt;com.fasterxml.jackson.databind.ObjectMapper[&quot;factory&quot;]-&gt;com.fasterxml.jackson.databind.MappingJsonFactory[&quot;codec&quot;]-&gt;com.fasterxml.jackson.databind.ObjectMapper[&quot;factory&quot;]-&gt;com.fasterxml.jackson.databind.MappingJsonFactory[&quot;codec&quot;]-&gt;com.fasterxml.jackson.databind.ObjectMapper[&quot;factory&quot;]-&gt;com.fasterxml.jackson.databind.MappingJsonFactory[&quot;codec&quot;]-&gt;com.fasterxml.jackson.databind.ObjectMapper[&quot;factory&quot;]-&gt;com.fasterxml.jackson.databind.MappingJsonFactory[&quot;codec&quot;]-&gt;com.fasterxml.jackson.databind.ObjectMapper[&quot;factory&quot;]-&gt;com.fasterxml.jackson.databind.MappingJsonFactory[&quot;codec&quot;]-&gt;com.fasterxml.jackson.databind.ObjectMapper[&quot;factory&quot;]-&gt;com.fasterxml.jackson.databind.MappingJsonFactory[&quot;codec&quot;]-&gt;com.fasterxml.jackson.databind.ObjectMapper[&quot;factory&quot;]-&gt;com.fasterxml.jackson.databind.MappingJsonFactory[&quot;codec&quot;]-&gt;com.fasterxml.jackson.databind.ObjectMapper[&quot;factory&quot;]-&gt;com.fasterxml.jackson.databind.MappingJsonFactory[&quot;codec&quot;]-&gt;com.fasterxml.jackson.databind.ObjectMapper[&quot;factory&quot;]-&gt;com.fasterxml.jackson.databind.MappingJsonFactory[&quot;codec&quot;]-&gt;com.fasterxml.jackson.databind.ObjectMapper[&quot;factory&quot;]-&gt;com.fasterxml.jackson.databind.MappingJsonFactory[&quot;codec&quot;]-&gt;com.fasterxml.jackson.databind.ObjectMapper[&quot;factory&quot;]-&gt;com.fasterxml.jackson.databind.MappingJsonFactory[&quot;codec&quot;]-&gt;com.fasterxml.jackson.databind.ObjectMapper[&quot;factory&quot;]-&gt;com.fasterxml.jackson.databind.MappingJsonFactory[&quot;codec&quot;]-&gt;com.fasterxml.jackson.databind.ObjectMapper[&quot;factory&quot;]-&gt;com.fasterxml.jackson.databind.MappingJsonFactory[&quot;codec&quot;]-&gt;com.fasterxml.jackson.databind.ObjectMapper[&quot;factory&quot;]-&gt;com.fasterxml.jackson.databind.MappingJsonFactory[&quot;codec&quot;]-&gt;com.fasterxml.jackson.databind.ObjectMapper[&quot;factory&quot;]-&gt;com.fasterxml.jackson.databind.MappingJsonFactory[&quot;codec&quot;]-&gt;com.fasterxml.jackson.databind.ObjectMapper[&quot;factory&quot;]-&gt;com.fasterxml.jackson.databind.MappingJsonFactory[&quot;codec&quot;]-&gt;com.fasterxml.jackson.databind.ObjectMapper[&quot;factory&quot;]-&gt;com.fasterxml.jackson.databind.MappingJsonFactory[&quot;codec&quot;]-&gt;com.fasterxml.jackson.databind.ObjectMapper[&quot;factory&quot;]-&gt;com.fasterxml.jackson.databind.MappingJsonFactory[&quot;codec&quot;]-&gt;com.fasterxml.jackson.databind.ObjectMapper[&quot;factory&quot;]-&gt;com.fasterxml.jackson.databind.MappingJsonFactory[&quot;codec&quot;]-&gt;com.fasterxml.jackson.databind.ObjectMapper[&quot;factory&quot;]-&gt;com.fasterxml.jackson.databind.MappingJsonFactory[&quot;codec&quot;]-&gt;com.fasterxml.jackson.databind.ObjectMapper[&quot;factory&quot;]-&gt;com.fasterxml.jackson.databind.MappingJsonFactory[&quot;codec&quot;]-&gt;com.fasterxml.jackson.databind.ObjectMapper[&quot;factory&quot;]-&gt;com.fasterxml.jackson.databind.MappingJsonFactory[&quot;codec&quot;]-&gt;com.fasterxml.jackson.databind.ObjectMapper[&quot;factory&quot;]-&gt;com.fasterxml.jackson.databind.MappingJsonFactory[&quot;codec&quot;]-&gt;com.fasterxml.jackson.databind.ObjectMapper[&quot;factory&quot;]-&gt;com.fasterxml.jackson.databind.MappingJsonFactory[&quot;codec&quot;]-&gt;com.fasterxml.jackson.databind.ObjectMapper[&quot;factory&quot;]-&gt;com.fasterxml.jackson.databind.MappingJsonFactory[&quot;codec&quot;]-&gt;com.fasterxml.jackson.databind.ObjectMapper[&quot;factory&quot;]-&gt;com.fasterxml.jackson.databind.MappingJsonFactory[&quot;codec&quot;]-&gt;com.fasterxml.jackson.databind.ObjectMapper[&quot;factory&quot;]-&gt;com.fasterxml.jackson.databind.MappingJsonFactory[&quot;codec&quot;]-&gt;com.fasterxml.jackson.databind.ObjectMapper[&quot;factory&quot;]-&gt;com.fasterxml.jackson.databind.MappingJsonFactory[&quot;codec&quot;]-&gt;com.fasterxml.jackson.databind.ObjectMapper[&quot;factory&quot;]-&gt;com.fasterxml.jackson.databind.MappingJsonFactory[&quot;codec&quot;]-&gt;com.fasterxml.jackson.databind.ObjectMapper[&quot;factory&quot;]-&gt;com.fasterxml.jackson.databind.MappingJsonFactory[&quot;codec&quot;]-&gt;com.fasterxml.jackson.databind.ObjectMapper[&quot;factory&quot;]-&gt;com.fasterxml.jackson.databind.MappingJsonFactory[&quot;codec&quot;]-&gt;com.fasterxml.jackson.databind.ObjectMapper[&quot;factory&quot;]-&gt;com.fasterxml.jackson.databind.MappingJsonFactory[&quot;codec&quot;]-&gt;com.fasterxml.jackson.databind.ObjectMapper[&quot;factory&quot;]-&gt;com.fasterxml.jackson.databind.MappingJsonFactory[&quot;codec&quot;]-&gt;com.fasterxml.jackson.databind.ObjectMapper[&quot;factory&quot;]-&gt;com.fasterxml.jackson.databind.MappingJsonFactory[&quot;codec&quot;]-&gt;com.fasterxml.jackson.databind.ObjectMapper[&quot;factory&quot;]-&gt;com.fasterxml.jackson.databind.MappingJsonFactory[&quot;codec&quot;]-&gt;com.fasterxml.jackson.databind.ObjectMapper[&quot;factory&quot;]-&gt;com.fasterxml.jackson.databind.MappingJsonFactory[&quot;codec&quot;]-&gt;com.fasterxml.jackson.databind.ObjectMapper[&quot;factory&quot;]-&gt;com.fasterxml.jackson.databind.MappingJsonFactory[&quot;codec&quot;]-&gt;com.fasterxml.jackson.databind.ObjectMapper[&quot;factory&quot;]-&gt;com.fasterxml.jackson.databind.MappingJsonFactory[&quot;codec&quot;]-&gt;com.fasterxml.jackson.databind.ObjectMapper[&quot;factory&quot;]-&gt;com.fasterxml.jackson.databind.MappingJsonFactory[&quot;codec&quot;]-&gt;com.fasterxml.jackson.databind.ObjectMapper[&quot;factory&quot;]-&gt;com.fasterxml.jackson.databind.MappingJsonFactory[&quot;codec&quot;]-&gt;com.fasterxml.jackson.databind.ObjectMapper[&quot;factory&quot;]-&gt;com.fasterxml.jackson.databind.MappingJsonFactory[&quot;codec&quot;]-&gt;com.fasterxml.jackson.databind.ObjectMapper[&quot;factory&quot;]-&gt;com.fasterxml.jackson.databind.MappingJsonFactory[&quot;codec&quot;]-&gt;com.fasterxml.jackson.databind.ObjectMapper[&quot;factory&quot;]-&gt;com.fasterxml.jackson.databind.MappingJsonFactory[&quot;codec&quot;]-&gt;com.fasterxml.jackson.databind.ObjectMapper[&quot;factory&quot;]-&gt;com.fasterxml.jackson.databind.MappingJsonFactory[&quot;codec&quot;]-&gt;com.fasterxml.jackson.databind.ObjectMapper[&quot;factory&quot;]-&gt;com.fasterxml.jackson.databind.MappingJsonFactory[&quot;codec&quot;]-&gt;com.fasterxml.jackson.databind.ObjectMapper[&quot;factory&quot;]-&gt;com.fasterxml.jackson.databind.MappingJsonFactory[&quot;codec&quot;]-&gt;com.fasterxml.jackson.databind.ObjectMapper[&quot;factory&quot;]-&gt;com.fasterxml.jackson.databind.MappingJsonFactory[&quot;codec&quot;]-&gt;com.fasterxml.jackson.databind.ObjectMapper[&quot;factory&quot;]-&gt;com.fasterxml.jackson.databind.MappingJsonFactory[&quot;codec&quot;]-&gt;com.fasterxml.jackson.databind.ObjectMapper[&quot;factory&quot;]-&gt;com.fasterxml.jackson.databind.MappingJsonFactory[&quot;codec&quot;]-&gt;com.fasterxml.jackson.databind.ObjectMapper[&quot;factory&quot;]-&gt;com.fasterxml.jackson.databind.MappingJsonFactory[&quot;codec&quot;]-&gt;com.fasterxml.jackson.databind.ObjectMapper[&quot;factory&quot;]-&gt;com.fasterxml.jackson.databind.MappingJsonFactory[&quot;codec&quot;]-&gt;com.fasterxml.jackson.databind.ObjectMapper[&quot;factory&quot;]-&gt;com.fasterxml.jackson.databind.MappingJsonFactory[&quot;codec&quot;]-&gt;com.fasterxml.jackson.databind.ObjectMapper[&quot;factory&quot;]-&gt;com.fasterxml.jackson.databind.MappingJsonFactory[&quot;codec&quot;]-&gt;com.fasterxml.jackson.databind.ObjectMapper[&quot;factory&quot;]-&gt;com.fasterxml.jackson.databind.MappingJsonFactory[&quot;codec&quot;]-&gt;com.fasterxml.jackson.databind.ObjectMapper[&quot;factory&quot;]-&gt;com.fasterxml.jackson.databind.MappingJsonFactory[&quot;codec&quot;]-&gt;com.fasterxml.jackson.databind.ObjectMapper[&quot;factory&quot;]-&gt;com.fasterxml.jackson.databind.MappingJsonFactory[&quot;codec&quot;]-&gt;com.fasterxml.jackson.databind.ObjectMapper[&quot;factory&quot;]-&gt;com.fasterxml.jackson.databind.MappingJsonFactory[&quot;codec&quot;]-&gt;com.fasterxml.jackson.databind.ObjectMapper[&quot;factory&quot;]-&gt;com.fasterxml.jackson.databind.MappingJsonFactory[&quot;codec&quot;]-&gt;com.fasterxml.jackson.databind.ObjectMapper[&quot;factory&quot;]-&gt;com.fasterxml.jackson.databind.MappingJsonFactory[&quot;codec&quot;]-&gt;com.fasterxml.jackson.databind.ObjectMapper[&quot;factory&quot;]-&gt;com.fasterxml.jackson.databind.MappingJsonFactory[&quot;codec&quot;]-&gt;com.fasterxml.jackson.databind.ObjectMapper[&quot;factory&quot;]-&gt;com.fasterxml.jackson.databind.MappingJsonFactory[&quot;codec&quot;]-&gt;com.fasterxml.jackson.databind.ObjectMapper[&quot;factory&quot;]-&gt;com.fasterxml.jackson.databind.MappingJsonFactory[&quot;codec&quot;]-&gt;com.fasterxml.jackson.databind.ObjectMapper[&quot;factory&quot;]-&gt;com.fasterxml.jackson.databind.MappingJsonFactory[&quot;codec&quot;]-&gt;com.fasterxml.jackson.databind.ObjectMapper[&quot;factory&quot;]-&gt;com.fasterxml.jackson.databind.MappingJsonFactory[&quot;codec&quot;]-&gt;com.fasterxml.jackson.databind.ObjectMapper[&quot;factory&quot;]-&gt;com.fasterxml.jackson.databind.MappingJsonFactory[&quot;codec&quot;]-&gt;com.fasterxml.jackson.databind.ObjectMapper[&quot;factory&quot;]-&gt;com.fasterxml.jackson.databind.MappingJsonFactory[&quot;codec&quot;]-&gt;com.fasterxml.jackson.databind.ObjectMapper[&quot;factory&quot;]-&gt;com.fasterxml.jackson.databind.MappingJsonFactory[&quot;codec&quot;]-&gt;com.fasterxml.jackson.databind.ObjectMapper[&quot;factory&quot;]-&gt;com.fasterxml.jackson.databind.MappingJsonFactory[&quot;codec&quot;]-&gt;com.fasterxml.jackson.databind.ObjectMapper[&quot;factory&quot;]-&gt;com.fasterxml.jackson.databind.MappingJsonFactory[&quot;codec&quot;]-&gt;com.fasterxml.jackson.databind.ObjectMapper[&quot;factory&quot;]-&gt;com.fasterxml.jackson.databind.MappingJsonFactory[&quot;codec&quot;]-&gt;com.fasterxml.jackson.databind.ObjectMapper[&quot;factory&quot;]-&gt;com.fasterxml.jackson.databind.MappingJsonFactory[&quot;codec&quot;]-&gt;com.fasterxml.jackson.databind.ObjectMapper[&quot;factory&quot;]-&gt;com.fasterxml.jackson.databind.MappingJsonFactory[&quot;codec&quot;]-&gt;com.fasterxml.jackson.databind.ObjectMapper[&quot;factory&quot;]-&gt;com.fasterxml.jackson.databind.MappingJsonFactory[&quot;codec&quot;]-&gt;com.fasterxml.jackson.databind.ObjectMapper[&quot;factory&quot;]-&gt;com.fasterxml.jackson.databind.MappingJsonFactory[&quot;codec&quot;]-&gt;com.fasterxml.jackson.databind.ObjectMapper[&quot;factory&quot;]-&gt;com.fasterxml.jackson.databind.MappingJsonFactory[&quot;codec&quot;]-&gt;com.fasterxml.jackson.databind.ObjectMapper[&quot;factory&quot;]-&gt;com.fasterxml.jackson.databind.MappingJsonFactory[&quot;codec&quot;]-&gt;com.fasterxml.jackson.databind.ObjectMapper[&quot;factory&quot;]-&gt;com.fasterxml.jackson.databind.MappingJsonFactory[&quot;codec&quot;]-&gt;com.fasterxml.jackson.databind.ObjectMapper[&quot;factory&quot;]-&gt;com.fasterxml.jackson.databind.MappingJsonFactory[&quot;codec&quot;]-&gt;com.fasterxml.jackson.databind.ObjectMapper[&quot;factory&quot;]-&gt;com.fasterxml.jackson.databind.MappingJsonFactory[&quot;codec&quot;]-&gt;com.fasterxml.jackson.databind.ObjectMapper[&quot;factory&quot;]-&gt;com.fasterxml.jackson.databind.MappingJsonFactory[&quot;codec&quot;]-&gt;com.fasterxml.jackson.databind.ObjectMapper[&quot;factory&quot;]-&gt;com.fasterxml.jackson.databind.MappingJsonFactory[&quot;codec&quot;]-&gt;com.fasterxml.jackson.databind.ObjectMapper[&quot;factory&quot;]-&gt;com.fasterxml.jackson.databind.MappingJsonFactory[&quot;codec&quot;]-&gt;com.fasterxml.jackson.databind.ObjectMapper[&quot;factory&quot;]-&gt;com.fasterxml.jackson.databind.MappingJsonFactory[&quot;codec&quot;]-&gt;com.fasterxml.jackson.databind.ObjectMapper[&quot;factory&quot;]-&gt;com.fasterxml.jackson.databind.MappingJsonFactory[&quot;codec&quot;]-&gt;com.fasterxml.jackson.databind.ObjectMapper[&quot;factory&quot;]-&gt;com.fasterxml.jackson.databind.MappingJsonFactory[&quot;codec&quot;]-&gt;com.fasterxml.jackson.databind.ObjectMapper[&quot;factory&quot;]-&gt;com.fasterxml.jackson.databind.MappingJsonFactory[&quot;codec&quot;]-&gt;com.fasterxml.jackson.databind.ObjectMapper[&quot;factory&quot;]-&gt;com.fasterxml.jackson.databind.MappingJsonFactory[&quot;codec&quot;]-&gt;com.fasterxml.jackson.databind.ObjectMapper[&quot;factory&quot;]-&gt;com.fasterxml.jackson.databind.MappingJsonFactory[&quot;codec&quot;]-&gt;com.fasterxml.jackson.databind.ObjectMapper[&quot;factory&quot;]-&gt;com.fasterxml.jackson.databind.MappingJsonFactory[&quot;codec&quot;]-&gt;com.fasterxml.jackson.databind.ObjectMapper[&quot;factory&quot;]-&gt;com.fasterxml.jackson.databind.MappingJsonFactory[&quot;codec&quot;]-&gt;com.fasterxml.jackson.databind.ObjectMapper[&quot;factory&quot;]-&gt;com.fasterxml.jackson.databind.MappingJsonFactory[&quot;codec&quot;]-&gt;com.fasterxml.jackson.databind.ObjectMapper[&quot;factory&quot;]-&gt;com.fasterxml.jackson.databind.MappingJsonFactory[&quot;codec&quot;]-&gt;com.fasterxml.jackson.databind.ObjectMapper[&quot;factory&quot;]-&gt;com.fasterxml.jackson.databind.MappingJsonFactory[&quot;codec&quot;]-&gt;com.fasterxml.jackson.databind.ObjectMapper[&quot;factory&quot;]-&gt;com.fasterxml.jackson.databind.MappingJsonFactory[&quot;codec&quot;]-&gt;com.fasterxml.jackson.databind.ObjectMapper[&quot;factory&quot;]-&gt;com.fasterxml.jackson.databind.MappingJsonFactory[&quot;codec&quot;]-&gt;com.fasterxml.jackson.databind.ObjectMapper[&quot;factory&quot;]-&gt;com.fasterxml.jackson.databind.MappingJsonFactory[&quot;codec&quot;]-&gt;com.fasterxml.jackson.databind.ObjectMapper[&quot;factory&quot;]-&gt;com.fasterxml.jackson.databind.MappingJsonFactory[&quot;codec&quot;]-&gt;com.fasterxml.jackson.databind.ObjectMapper[&quot;factory&quot;]-&gt;com.fasterxml.jackson.databind.MappingJsonFactory[&quot;codec&quot;]-&gt;com.fasterxml.jackson.databind.ObjectMapper[&quot;factory&quot;]-&gt;com.fasterxml.jackson.databind.MappingJsonFactory[&quot;codec&quot;]-&gt;com.fasterxml.jackson.databind.ObjectMapper[&quot;factory&quot;]-&gt;com.fasterxml.jackson.databind.MappingJsonFactory[&quot;codec&quot;]-&gt;com.fasterxml.jackson.databind.ObjectMapper[&quot;factory&quot;]-&gt;com.fasterxml.jackson.databind.MappingJsonFactory[&quot;codec&quot;]-&gt;com.fasterxml.jackson.databind.ObjectMapper[&quot;factory&quot;]-&gt;com.fasterxml.jackson.databind.MappingJsonFactory[&quot;codec&quot;]-&gt;com.fasterxml.jackson.databind.ObjectMapper[&quot;factory&quot;]-&gt;com.fasterxml.jackson.databind.MappingJsonFactory[&quot;codec&quot;]-&gt;com.fasterxml.jackson.databind.ObjectMapper[&quot;factory&quot;]-&gt;com.fasterxml.jackson.databind.MappingJsonFactory[&quot;codec&quot;]-&gt;com.fasterxml.jackson.databind.ObjectMapper[&quot;factory&quot;]-&gt;com.fasterxml.jackson.databind.MappingJsonFactory[&quot;codec&quot;]-&gt;com.fasterxml.jackson.databind.ObjectMapper[&quot;factory&quot;]-&gt;com.fasterxml.jackson.databind.MappingJsonFactory[&quot;codec&quot;]-&gt;com.fasterxml.jackson.databind.ObjectMapper[&quot;factory&quot;]-&gt;com.fasterxml.jackson.databind.MappingJsonFactory[&quot;codec&quot;]-&gt;com.fasterxml.jackson.databind.ObjectMapper[&quot;factory&quot;]-&gt;com.fasterxml.jackson.databind.MappingJsonFactory[&quot;codec&quot;]-&gt;com.fasterxml.jackson.databind.ObjectMapper[&quot;factory&quot;]-&gt;com.fasterxml.jackson.databind.MappingJsonFactory[&quot;codec&quot;]-&gt;com.fasterxml.jackson.databind.ObjectMapper[&quot;factory&quot;]-&gt;com.fasterxml.jackson.databind.MappingJsonFactory[&quot;codec&quot;]-&gt;com.fasterxml.jackson.databind.ObjectMapper[&quot;factory&quot;]-&gt;com.fasterxml.jackson.databind.MappingJsonFactory[&quot;codec&quot;]-&gt;com.fasterxml.jackson.databind.ObjectMapper[&quot;factory&quot;]-&gt;com.fasterxml.jackson.databind.MappingJsonFactory[&quot;codec&quot;]-&gt;com.fasterxml.jackson.databind.ObjectMapper[&quot;factory&quot;]-&gt;com.fasterxml.jackson.databind.MappingJsonFactory[&quot;codec&quot;]-&gt;com.fasterxml.jackson.databind.ObjectMapper[&quot;factory&quot;]-&gt;com.fasterxml.jackson.databind.MappingJsonFactory[&quot;codec&quot;]-&gt;com.fasterxml.jackson.databind.ObjectMapper[&quot;factory&quot;]-&gt;com.fasterxml.jackson.databind.MappingJsonFactory[&quot;codec&quot;]-&gt;com.fasterxml.jackson.databind.ObjectMapper[&quot;factory&quot;]-&gt;com.fasterxml.jackson.databind.MappingJsonFactory[&quot;codec&quot;]-&gt;com.fasterxml.jackson.databind.ObjectMapper[&quot;factory&quot;]-&gt;com.fasterxml.jackson.databind.MappingJsonFactory[&quot;codec&quot;]-&gt;com.fasterxml.jackson.databind.ObjectMapper[&quot;factory&quot;]-&gt;com.fasterxml.jackson.databind.MappingJsonFactory[&quot;codec&quot;]-&gt;com.fasterxml.jackson.databind.ObjectMapper[&quot;factory&quot;]-&gt;com.fasterxml.jackson.databind.MappingJsonFactory[&quot;codec&quot;]-&gt;com.fasterxml.jackson.databind.ObjectMapper[&quot;factory&quot;]-&gt;com.fasterxml.jackson.databind.MappingJsonFactory[&quot;codec&quot;]-&gt;com.fasterxml.jackson.databind.ObjectMapper[&quot;factory&quot;]-&gt;com.fasterxml.jackson.databind.MappingJsonFactory[&quot;codec&quot;]-&gt;com.fasterxml.jackson.databind.ObjectMapper[&quot;factory&quot;]-&gt;com.fasterxml.jackson.databind.MappingJsonFactory[&quot;codec&quot;]-&gt;com.fasterxml.jackson.databind.ObjectMapper[&quot;factory&quot;]-&gt;com.fasterxml.jackson.databind.MappingJsonFactory[&quot;codec&quot;]-&gt;com.fasterxml.jackson.databind.ObjectMapper[&quot;factory&quot;]-&gt;com.fasterxml.jackson.databind.MappingJsonFactory[&quot;codec&quot;]-&gt;com.fasterxml.jackson.databind.ObjectMapper[&quot;factory&quot;]-&gt;com.fasterxml.jackson.databind.MappingJsonFactory[&quot;codec&quot;]-&gt;com.fasterxml.jackson.databind.ObjectMapper[&quot;factory&quot;]-&gt;com.fasterxml.jackson.databind.MappingJsonFactory[&quot;codec&quot;]-&gt;com.fasterxml.jackson.databind.ObjectMapper[&quot;factory&quot;]-&gt;com.fasterxml.jackson.databind.MappingJsonFactory[&quot;codec&quot;]-&gt;com.fasterxml.jackson.databind.ObjectMapper[&quot;factory&quot;]-&gt;com.fasterxml.jackson.databind.MappingJsonFactory[&quot;codec&quot;]-&gt;com.fasterxml.jackson.databind.ObjectMapper[&quot;factory&quot;]-&gt;com.fasterxml.jackson.databind.MappingJsonFactory[&quot;codec&quot;]-&gt;com.fasterxml.jackson.databind.ObjectMapper[&quot;factory&quot;]-&gt;com.fasterxml.jackson.databind.MappingJsonFactory[&quot;codec&quot;]-&gt;com.fasterxml.jackson.databind.ObjectMapper[&quot;factory&quot;]-&gt;com.fasterxml.jackson.databind.MappingJsonFactory[&quot;codec&quot;]-&gt;com.fasterxml.jackson.databind.ObjectMapper[&quot;factory&quot;]-&gt;com.fasterxml.jackson.databind.MappingJsonFactory[&quot;codec&quot;]-&gt;com.fasterxml.jackson.databind.ObjectMapper[&quot;factory&quot;]-&gt;com.fasterxml.jackson.databind.MappingJsonFactory[&quot;codec&quot;]-&gt;com.fasterxml.jackson.databind.ObjectMapper[&quot;factory&quot;]-&gt;com.fasterxml.jackson.databind.MappingJsonFactory[&quot;codec&quot;]-&gt;com.fasterxml.jackson.databind.ObjectMapper[&quot;factory&quot;]-&gt;com.fasterxml.jackson.databind.MappingJsonFactory[&quot;codec&quot;]-&gt;com.fasterxml.jackson.databind.ObjectMapper[&quot;factory&quot;]-&gt;com.fasterxml.jackson.databind.MappingJsonFactory[&quot;codec&quot;]-&gt;com.fasterxml.jackson.databind.ObjectMapper[&quot;factory&quot;]-&gt;com.fasterxml.jackson.databind.MappingJsonFactory[&quot;codec&quot;]-&gt;com.fasterxml.jackson.databind.ObjectMapper[&quot;factory&quot;]-&gt;com.fasterxml.jackson.databind.MappingJsonFactory[&quot;codec&quot;]-&gt;com.fasterxml.jackson.databind.ObjectMapper[&quot;factory&quot;]-&gt;com.fasterxml.jackson.databind.MappingJsonFactory[&quot;codec&quot;]-&gt;com.fasterxml.jackson.databind.ObjectMapper[&quot;factory&quot;]-&gt;com.fasterxml.jackson.databind.MappingJsonFactory[&quot;codec&quot;]-&gt;com.fasterxml.jackson.databind.ObjectMapper[&quot;factory&quot;]-&gt;com.fasterxml.jackson.databind.MappingJsonFactory[&quot;codec&quot;]-&gt;com.fasterxml.jackson.databind.ObjectMapper[&quot;factory&quot;]-&gt;com.fasterxml.jackson.databind.MappingJsonFactory[&quot;codec&quot;]-&gt;com.fasterxml.jackson.databind.ObjectMapper[&quot;factory&quot;]-&gt;com.fasterxml.jackson.databind.MappingJsonFactory[&quot;codec&quot;]-&gt;com.fasterxml.jackson.databind.ObjectMapper[&quot;factory&quot;]-&gt;com.fasterxml.jackson.databind.MappingJsonFactory[&quot;codec&quot;]-&gt;com.fasterxml.jackson.databind.ObjectMapper[&quot;factory&quot;]-&gt;com.fasterxml.jackson.databind.MappingJsonFactory[&quot;codec&quot;]-&gt;com.fasterxml.jackson.databind.ObjectMapper[&quot;factory&quot;]-&gt;com.fasterxml.jackson.databind.MappingJsonFactory[&quot;codec&quot;]-&gt;com.fasterxml.jackson.databind.ObjectMapper[&quot;factory&quot;]-&gt;com.fasterxml.jackson.databind.MappingJsonFactory[&quot;codec&quot;]-&gt;com.fasterxml.jackson.databind.ObjectMapper[&quot;factory&quot;]-&gt;com.fasterxml.jackson.databind.MappingJsonFactory[&quot;codec&quot;]-&gt;com.fasterxml.jackson.databind.ObjectMapper[&quot;factory&quot;]-&gt;com.fasterxml.jackson.databind.MappingJsonFactory[&quot;codec&quot;]-&gt;com.fasterxml.jackson.databind.ObjectMapper[&quot;factory&quot;]-&gt;com.fasterxml.jackson.databind.MappingJsonFactory[&quot;codec&quot;]-&gt;com.fasterxml.jackson.databind.ObjectMapper[&quot;factory&quot;]-&gt;com.fasterxml.jackson.databind.MappingJsonFactory[&quot;codec&quot;]-&gt;com.fasterxml.jackson.databind.ObjectMapper[&quot;factory&quot;]-&gt;com.fasterxml.jackson.databind.MappingJsonFactory[&quot;codec&quot;]-&gt;com.fasterxml.jackson.databind.ObjectMapper[&quot;factory&quot;]-&gt;com.fasterxml.jackson.databind.MappingJsonFactory[&quot;codec&quot;]-&gt;com.fasterxml.jackson.databind.ObjectMapper[&quot;factory&quot;]-&gt;com.fasterxml.jackson.databind.MappingJsonFactory[&quot;codec&quot;]-&gt;com.fasterxml.jackson.databind.ObjectMapper[&quot;factory&quot;]-&gt;com.fasterxml.jackson.databind.MappingJsonFactory[&quot;codec&quot;]-&gt;com.fasterxml.jackson.databind.ObjectMapper[&quot;factory&quot;]-&gt;com.fasterxml.jackson.databind.MappingJsonFactory[&quot;codec&quot;]-&gt;com.fasterxml.jackson.databind.ObjectMapper[&quot;factory&quot;]-&gt;com.fasterxml.jackson.databind.MappingJsonFactory[&quot;codec&quot;]-&gt;com.fasterxml.jackson.databind.ObjectMapper[&quot;factory&quot;]-&gt;com.fasterxml.jackson.databind.MappingJsonFactory[&quot;codec&quot;]-&gt;com.fasterxml.jackson.databind.ObjectMapper[&quot;factory&quot;]-&gt;com.fasterxml.jackson.databind.MappingJsonFactory[&quot;codec&quot;]-&gt;com.fasterxml.jackson.databind.ObjectMapper[&quot;factory&quot;]-&gt;com.fasterxml.jackson.databind.MappingJsonFactory[&quot;codec&quot;]-&gt;com.fasterxml.jackson.databind.ObjectMapper[&quot;factory&quot;]-&gt;com.fasterxml.jackson.databind.MappingJsonFactory[&quot;codec&quot;]-&gt;com.fasterxml.jackson.databind.ObjectMapper[&quot;factory&quot;]-&gt;com.fasterxml.jackson.databind.MappingJsonFactory[&quot;codec&quot;]-&gt;com.fasterxml.jackson.databind.ObjectMapper[&quot;factory&quot;]-&gt;com.fasterxml.jackson.databind.MappingJsonFactory[&quot;codec&quot;]-&gt;com.fasterxml.jackson.databind.ObjectMapper[&quot;factory&quot;]-&gt;com.fasterxml.jackson.databind.MappingJsonFactory[&quot;codec&quot;]-&gt;com.fasterxml.jackson.databind.ObjectMapper[&quot;factory&quot;]-&gt;com.fasterxml.jackson.databind.MappingJsonFactory[&quot;codec&quot;]-&gt;com.fasterxml.jackson.databind.ObjectMapper[&quot;factory&quot;]-&gt;com.fasterxml.jackson.databind.MappingJsonFactory[&quot;codec&quot;]-&gt;com.fasterxml.jackson.databind.ObjectMapper[&quot;factory&quot;]-&gt;com.fasterxml.jackson.databind.MappingJsonFactory[&quot;codec&quot;]-&gt;com.fasterxml.jackson.databind.ObjectMapper[&quot;factory&quot;]-&gt;com.fasterxml.jackson.databind.MappingJsonFactory[&quot;codec&quot;]-&gt;com.fasterxml.jackson.databind.ObjectMapper[&quot;factory&quot;]-&gt;com.fasterxml.jackson.databind.MappingJsonFactory[&quot;codec&quot;]-&gt;com.fasterxml.jackson.databind.ObjectMapper[&quot;factory&quot;]-&gt;com.fasterxml.jackson.databind.MappingJsonFactory[&quot;codec&quot;]-&gt;com.fasterxml.jackson.databind.ObjectMapper[&quot;factory&quot;]-&gt;com.fasterxml.jackson.databind.MappingJsonFactory[&quot;codec&quot;]-&gt;com.fasterxml.jackson.databind.ObjectMapper[&quot;factory&quot;]-&gt;com.fasterxml.jackson.databind.MappingJsonFactory[&quot;codec&quot;]-&gt;com.fasterxml.jackson.databind.ObjectMapper[&quot;factory&quot;]-&gt;com.fasterxml.jackson.databind.MappingJsonFactory[&quot;codec&quot;]-&gt;com.fasterxml.jackson.databind.ObjectMapper[&quot;factory&quot;]-&gt;com.fasterxml.jackson.databind.MappingJsonFactory[&quot;codec&quot;]-&gt;com.fasterxml.jackson.databind.ObjectMapper[&quot;factory&quot;]-&gt;com.fasterxml.jackson.databind.MappingJsonFactory[&quot;codec&quot;]-&gt;com.fasterxml.jackson.databind.ObjectMapper[&quot;factory&quot;]-&gt;com.fasterxml.jackson.databind.MappingJsonFactory[&quot;codec&quot;]-&gt;com.fasterxml.jackson.databind.ObjectMapper[&quot;factory&quot;]-&gt;com.fasterxml.jackson.databind.MappingJsonFactory[&quot;codec&quot;]-&gt;com.fasterxml.jackson.databind.ObjectMapper[&quot;factory&quot;]-&gt;com.fasterxml.jackson.databind.MappingJsonFactory[&quot;codec&quot;]-&gt;com.fasterxml.jackson.databind.ObjectMapper[&quot;factory&quot;]-&gt;com.fasterxml.jackson.databind.MappingJsonFactory[&quot;codec&quot;]-&gt;com.fasterxml.jackson.databind.ObjectMapper[&quot;factory&quot;]-&gt;com.fasterxml.jackson.databind.MappingJsonFactory[&quot;codec&quot;]-&gt;com.fasterxml.jackson.databind.ObjectMapper[&quot;factory&quot;]-&gt;com.fasterxml.jackson.databind.MappingJsonFactory[&quot;codec&quot;]-&gt;com.fasterxml.jackson.databind.ObjectMapper[&quot;factory&quot;]-&gt;com.fasterxml.jackson.databind.MappingJsonFactory[&quot;codec&quot;]-&gt;com.fasterxml.jackson.databind.ObjectMapper[&quot;factory&quot;]-&gt;com.fasterxml.jackson.databind.MappingJsonFactory[&quot;codec&quot;]-&gt;com.fasterxml.jackson.databind.ObjectMapper[&quot;factory&quot;]-&gt;com.fasterxml.jackson.databind.MappingJsonFactory[&quot;codec&quot;]-&gt;com.fasterxml.jackson.databind.ObjectMapper[&quot;factory&quot;]-&gt;com.fasterxml.jackson.databind.MappingJsonFactory[&quot;codec&quot;]-&gt;com.fasterxml.jackson.databind.ObjectMapper[&quot;factory&quot;]-&gt;com.fasterxml.jackson.databind.MappingJsonFactory[&quot;codec&quot;]-&gt;com.fasterxml.jackson.databind.ObjectMapper[&quot;factory&quot;]-&gt;com.fasterxml.jackson.databind.MappingJsonFactory[&quot;codec&quot;]-&gt;com.fasterxml.jackson.databind.ObjectMapper[&quot;factory&quot;]-&gt;com.fasterxml.jackson.databind.MappingJsonFactory[&quot;codec&quot;]-&gt;com.fasterxml.jackson.databind.ObjectMapper[&quot;factory&quot;]-&gt;com.fasterxml.jackson.databind.MappingJsonFactory[&quot;codec&quot;]-&gt;com.fasterxml.jackson.databind.ObjectMapper[&quot;factory&quot;]-&gt;com.fasterxml.jackson.databind.MappingJsonFactory[&quot;codec&quot;]-&gt;com.fasterxml.jackson.databind.ObjectMapper[&quot;factory&quot;]-&gt;com.fasterxml.jackson.databind.MappingJsonFactory[&quot;codec&quot;]-&gt;com.fasterxml.jackson.databind.ObjectMapper[&quot;factory&quot;]-&gt;com.fasterxml.jackson.databind.MappingJsonFactory[&quot;codec&quot;]-&gt;com.fasterxml.jackson.databind.ObjectMapper[&quot;factory&quot;]-&gt;com.fasterxml.jackson.databind.MappingJsonFactory[&quot;codec&quot;]-&gt;com.fasterxml.jackson.databind.ObjectMapper[&quot;factory&quot;]-&gt;com.fasterxml.jackson.databind.MappingJsonFactory[&quot;codec&quot;]-&gt;com.fasterxml.jackson.databind.ObjectMapper[&quot;factory&quot;]-&gt;com.fasterxml.jackson.databind.MappingJsonFactory[&quot;codec&quot;]-&gt;com.fasterxml.jackson.databind.ObjectMapper[&quot;factory&quot;]-&gt;com.fasterxml.jackson.databind.MappingJsonFactory[&quot;codec&quot;]-&gt;com.fasterxml.jackson.databind.ObjectMapper[&quot;factory&quot;]-&gt;com.fasterxml.jackson.databind.MappingJsonFactory[&quot;codec&quot;]-&gt;com.fasterxml.jackson.databind.ObjectMapper[&quot;factory&quot;]-&gt;com.fasterxml.jackson.databind.MappingJsonFactory[&quot;codec&quot;]-&gt;com.fasterxml.jackson.databind.ObjectMapper[&quot;factory&quot;]-&gt;com.fasterxml.jackson.databind.MappingJsonFactory[&quot;codec&quot;]-&gt;com.fasterxml.jackson.databind.ObjectMapper[&quot;factory&quot;]-&gt;com.fasterxml.jackson.databind.MappingJsonFactory[&quot;codec&quot;]-&gt;com.fasterxml.jackson.databind.ObjectMapper[&quot;factory&quot;]-&gt;com.fasterxml.jackson.databind.MappingJsonFactory[&quot;codec&quot;]-&gt;com.fasterxml.jackson.databind.ObjectMapper[&quot;factory&quot;]-&gt;com.fasterxml.jackson.databind.MappingJsonFactory[&quot;codec&quot;]-&gt;com.fasterxml.jackson.databind.ObjectMapper[&quot;factory&quot;]-&gt;com.fasterxml.jackson.databind.MappingJsonFactory[&quot;codec&quot;]-&gt;com.fasterxml.jackson.databind.ObjectMapper[&quot;factory&quot;]-&gt;com.fasterxml.jackson.databind.MappingJsonFactory[&quot;codec&quot;]-&gt;com.fasterxml.jackson.databind.ObjectMapper[&quot;factory&quot;]-&gt;com.fasterxml.jackson.databind.MappingJsonFactory[&quot;codec&quot;]-&gt;com.fasterxml.jackson.databind.ObjectMapper[&quot;factory&quot;]-&gt;com.fasterxml.jackson.databind.MappingJsonFactory[&quot;codec&quot;]-&gt;com.fasterxml.jackson.databind.ObjectMapper[&quot;factory&quot;]-&gt;com.fasterxml.jackson.databind.MappingJsonFactory[&quot;codec&quot;]-&gt;com.fasterxml.jackson.databind.ObjectMapper[&quot;factory&quot;]-&gt;com.fasterxml.jackson.databind.MappingJsonFactory[&quot;codec&quot;]-&gt;com.fasterxml.jackson.databind.ObjectMapper[&quot;factory&quot;]-&gt;com.fasterxml.jackson.databind.MappingJsonFactory[&quot;codec&quot;]-&gt;com.fasterxml.jackson.databind.ObjectMapper[&quot;factory&quot;]-&gt;com.fasterxml.jackson.databind.MappingJsonFactory[&quot;codec&quot;]-&gt;com.fasterxml.jackson.databind.ObjectMapper[&quot;factory&quot;]-&gt;com.fasterxml.jackson.databind.MappingJsonFactory[&quot;codec&quot;]-&gt;com.fasterxml.jackson.databind.ObjectMapper[&quot;factory&quot;]-&gt;com.fasterxml.jackson.databind.MappingJsonFactory[&quot;codec&quot;]-&gt;com.fasterxml.jackson.databind.ObjectMapper[&quot;factory&quot;]-&gt;com.fasterxml.jackson.databind.MappingJsonFactory[&quot;codec&quot;]-&gt;com.fasterxml.jackson.databind.ObjectMapper[&quot;factory&quot;]-&gt;com.fasterxml.jackson.databind.MappingJsonFactory[&quot;codec&quot;]-&gt;com.fasterxml.jackson.databind.ObjectMapper[&quot;factory&quot;]-&gt;com.fasterxml.jackson.databind.MappingJsonFactory[&quot;codec&quot;]-&gt;com.fasterxml.jackson.databind.ObjectMapper[&quot;factory&quot;]-&gt;com.fasterxml.jackson.databind.MappingJsonFactory[&quot;codec&quot;]-&gt;com.fasterxml.jackson.databind.ObjectMapper[&quot;factory&quot;]-&gt;com.fasterxml.jackson.databind.MappingJsonFactory[&quot;codec&quot;]-&gt;com.fasterxml.jackson.databind.ObjectMapper[&quot;factory&quot;]-&gt;com.fasterxml.jackson.databind.MappingJsonFactory[&quot;codec&quot;]-&gt;com.fasterxml.jackson.databind.ObjectMapper[&quot;factory&quot;]-&gt;com.fasterxml.jackson.databind.MappingJsonFactory[&quot;codec&quot;]-&gt;com.fasterxml.jackson.databind.ObjectMapper[&quot;factory&quot;]-&gt;com.fasterxml.jackson.databind.MappingJsonFactory[&quot;codec&quot;]-&gt;com.fasterxml.jackson.databind.ObjectMapper[&quot;factory&quot;]-&gt;com.fasterxml.jackson.databind.MappingJsonFactory[&quot;codec&quot;]-&gt;com.fasterxml.jackson.databind.ObjectMapper[&quot;factory&quot;]-&gt;com.fasterxml.jackson.databind.MappingJsonFactory[&quot;codec&quot;]-&gt;com.fasterxml.jackson.databind.ObjectMapper[&quot;factory&quot;]-&gt;com.fasterxml.jackson.databind.MappingJsonFactory[&quot;codec&quot;]-&gt;com.fasterxml.jackson.databind.ObjectMapper[&quot;factory&quot;]-&gt;com.fasterxml.jackson.databind.MappingJsonFactory[&quot;codec&quot;]-&gt;com.fasterxml.jackson.databind.ObjectMapper[&quot;factory&quot;]-&gt;com.fasterxml.jackson.databind.MappingJsonFactory[&quot;codec&quot;]-&gt;com.fasterxml.jackson.databind.ObjectMapper[&quot;factory&quot;]-&gt;com.fasterxml.jackson.databind.MappingJsonFactory[&quot;codec&quot;]-&gt;com.fasterxml.jackson.databind.ObjectMapper[&quot;factory&quot;]-&gt;com.fasterxml.jackson.databind.MappingJsonFactory[&quot;codec&quot;]-&gt;com.fasterxml.jackson.databind.ObjectMapper[&quot;factory&quot;]-&gt;com.fasterxml.jackson.databind.MappingJsonFactory[&quot;codec&quot;]-&gt;com.fasterxml.jackson.databind.ObjectMapper[&quot;factory&quot;]-&gt;com.fasterxml.jackson.databind.MappingJsonFactory[&quot;codec&quot;]-&gt;com.fasterxml.jackson.databind.ObjectMapper[&quot;factory&quot;]-&gt;com.fasterxml.jackson.databind.MappingJsonFactory[&quot;codec&quot;]-&gt;com.fasterxml.jackson.databind.ObjectMapper[&quot;factory&quot;]-&gt;com.fasterxml.jackson.databind.MappingJsonFactory[&quot;codec&quot;]-&gt;com.fasterxml.jackson.databind.ObjectMapper[&quot;factory&quot;]-&gt;com.fasterxml.jackson.databind.MappingJsonFactory[&quot;codec&quot;]-&gt;com.fasterxml.jackson.databind.ObjectMapper[&quot;factory&quot;]-&gt;com.fasterxml.jackson.databind.MappingJsonFactory[&quot;codec&quot;]-&gt;com.fasterxml.jackson.databind.ObjectMapper[&quot;factory&quot;]-&gt;com.fasterxml.jackson.databind.MappingJsonFactory[&quot;codec&quot;]-&gt;com.fasterxml.jackson.databind.ObjectMapper[&quot;factory&quot;]-&gt;com.fasterxml.jackson.databind.MappingJsonFactory[&quot;codec&quot;]-&gt;com.fasterxml.jackson.databind.ObjectMapper[&quot;factory&quot;]-&gt;com.fasterxml.jackson.databind.MappingJsonFactory[&quot;codec&quot;]-&gt;com.fasterxml.jackson.databind.ObjectMapper[&quot;factory&quot;]-&gt;com.fasterxml.jackson.databind.MappingJsonFactory[&quot;codec&quot;])" type="com.fasterxml.jackson.databind.JsonMappingException">
      <![CDATA[com.fasterxml.jackson.databind.JsonMappingException: Infinite recursion (StackOverflowError) (through reference chain: com.fasterxml.jackson.databind.ObjectMapper["factory"]->com.fasterxml.jackson.databind.MappingJsonFactory["codec"]->com.fasterxml.jackson.databind.ObjectMapper["factory"]->com.fasterxml.jackson.databind.MappingJsonFactory["codec"]->com.fasterxml.jackson.databind.ObjectMapper["factory"]->com.fasterxml.jackson.databind.MappingJsonFactory["codec"]->com.fasterxml.jackson.databind.ObjectMapper["factory"]->com.fasterxml.jackson.databind.MappingJsonFactory["codec"]->com.fasterxml.jackson.databind.ObjectMapper["factory"]->com.fasterxml.jackson.databind.MappingJsonFactory["codec"]->com.fasterxml.jackson.databind.ObjectMapper["factory"]->com.fasterxml.jackson.databind.MappingJsonFactory["codec"]->com.fasterxml.jackson.databind.ObjectMapper["factory"]->com.fasterxml.jackson.databind.MappingJsonFactory["codec"]->com.fasterxml.jackson.databind.ObjectMapper["factory"]->com.fasterxml.jackson.databind.MappingJsonFactory["codec"]->com.fasterxml.jackson.databind.ObjectMapper["factory"]->com.fasterxml.jackson.databind.MappingJsonFactory["codec"]->com.fasterxml.jackson.databind.ObjectMapper["factory"]->com.fasterxml.jackson.databind.MappingJsonFactory["codec"]->com.fasterxml.jackson.databind.ObjectMapper["factory"]->com.fasterxml.jackson.databind.MappingJsonFactory["codec"]->com.fasterxml.jackson.databind.ObjectMapper["factory"]->com.fasterxml.jackson.databind.MappingJsonFactory["codec"]->com.fasterxml.jackson.databind.ObjectMapper["factory"]->com.fasterxml.jackson.databind.MappingJsonFactory["codec"]->com.fasterxml.jackson.databind.ObjectMapper["factory"]->com.fasterxml.jackson.databind.MappingJsonFactory["codec"]->com.fasterxml.jackson.databind.ObjectMapper["factory"]->com.fasterxml.jackson.databind.MappingJsonFactory["codec"]->com.fasterxml.jackson.databind.ObjectMapper["factory"]->com.fasterxml.jackson.databind.MappingJsonFactory["codec"]->com.fasterxml.jackson.databind.ObjectMapper["factory"]->com.fasterxml.jackson.databind.MappingJsonFactory["codec"]->com.fasterxml.jackson.databind.ObjectMapper["factory"]->com.fasterxml.jackson.databind.MappingJsonFactory["codec"]->com.fasterxml.jackson.databind.ObjectMapper["factory"]->com.fasterxml.jackson.databind.MappingJsonFactory["codec"]->com.fasterxml.jackson.databind.ObjectMapper["factory"]->com.fasterxml.jackson.databind.MappingJsonFactory["codec"]->com.fasterxml.jackson.databind.ObjectMapper["factory"]->com.fasterxml.jackson.databind.MappingJsonFactory["codec"]->com.fasterxml.jackson.databind.ObjectMapper["factory"]->com.fasterxml.jackson.databind.MappingJsonFactory["codec"]->com.fasterxml.jackson.databind.ObjectMapper["factory"]->com.fasterxml.jackson.databind.MappingJsonFactory["codec"]->com.fasterxml.jackson.databind.ObjectMapper["factory"]->com.fasterxml.jackson.databind.MappingJsonFactory["codec"]->com.fasterxml.jackson.databind.ObjectMapper["factory"]->com.fasterxml.jackson.databind.MappingJsonFactory["codec"]->com.fasterxml.jackson.databind.ObjectMapper["factory"]->com.fasterxml.jackson.databind.MappingJsonFactory["codec"]->com.fasterxml.jackson.databind.ObjectMapper["factory"]->com.fasterxml.jackson.databind.MappingJsonFactory["codec"]->com.fasterxml.jackson.databind.ObjectMapper["factory"]->com.fasterxml.jackson.databind.MappingJsonFactory["codec"]->com.fasterxml.jackson.databind.ObjectMapper["factory"]->com.fasterxml.jackson.databind.MappingJsonFactory["codec"]->com.fasterxml.jackson.databind.ObjectMapper["factory"]->com.fasterxml.jackson.databind.MappingJsonFactory["codec"]->com.fasterxml.jackson.databind.ObjectMapper["factory"]->com.fasterxml.jackson.databind.MappingJsonFactory["codec"]->com.fasterxml.jackson.databind.ObjectMapper["factory"]->com.fasterxml.jackson.databind.MappingJsonFactory["codec"]->com.fasterxml.jackson.databind.ObjectMapper["factory"]->com.fasterxml.jackson.databind.MappingJsonFactory["codec"]->com.fasterxml.jackson.databind.ObjectMapper["factory"]->com.fasterxml.jackson.databind.MappingJsonFactory["codec"]->com.fasterxml.jackson.databind.ObjectMapper["factory"]->com.fasterxml.jackson.databind.MappingJsonFactory["codec"]->com.fasterxml.jackson.databind.ObjectMapper["factory"]->com.fasterxml.jackson.databind.MappingJsonFactory["codec"]->com.fasterxml.jackson.databind.ObjectMapper["factory"]->com.fasterxml.jackson.databind.MappingJsonFactory["codec"]->com.fasterxml.jackson.databind.ObjectMapper["factory"]->com.fasterxml.jackson.databind.MappingJsonFactory["codec"]->com.fasterxml.jackson.databind.ObjectMapper["factory"]->com.fasterxml.jackson.databind.MappingJsonFactory["codec"]->com.fasterxml.jackson.databind.ObjectMapper["factory"]->com.fasterxml.jackson.databind.MappingJsonFactory["codec"]->com.fasterxml.jackson.databind.ObjectMapper["factory"]->com.fasterxml.jackson.databind.MappingJsonFactory["codec"]->com.fasterxml.jackson.databind.ObjectMapper["factory"]->com.fasterxml.jackson.databind.MappingJsonFactory["codec"]->com.fasterxml.jackson.databind.ObjectMapper["factory"]->com.fasterxml.jackson.databind.MappingJsonFactory["codec"]->com.fasterxml.jackson.databind.ObjectMapper["factory"]->com.fasterxml.jackson.databind.MappingJsonFactory["codec"]->com.fasterxml.jackson.databind.ObjectMapper["factory"]->com.fasterxml.jackson.databind.MappingJsonFactory["codec"]->com.fasterxml.jackson.databind.ObjectMapper["factory"]->com.fasterxml.jackson.databind.MappingJsonFactory["codec"]->com.fasterxml.jackson.databind.ObjectMapper["factory"]->com.fasterxml.jackson.databind.MappingJsonFactory["codec"]->com.fasterxml.jackson.databind.ObjectMapper["factory"]->com.fasterxml.jackson.databind.MappingJsonFactory["codec"]->com.fasterxml.jackson.databind.ObjectMapper["factory"]->com.fasterxml.jackson.databind.MappingJsonFactory["codec"]->com.fasterxml.jackson.databind.ObjectMapper["factory"]->com.fasterxml.jackson.databind.MappingJsonFactory["codec"]->com.fasterxml.jackson.databind.ObjectMapper["factory"]->com.fasterxml.jackson.databind.MappingJsonFactory["codec"]->com.fasterxml.jackson.databind.ObjectMapper["factory"]->com.fasterxml.jackson.databind.MappingJsonFactory["codec"]->com.fasterxml.jackson.databind.ObjectMapper["factory"]->com.fasterxml.jackson.databind.MappingJsonFactory["codec"]->com.fasterxml.jackson.databind.ObjectMapper["factory"]->com.fasterxml.jackson.databind.MappingJsonFactory["codec"]->com.fasterxml.jackson.databind.ObjectMapper["factory"]->com.fasterxml.jackson.databind.MappingJsonFactory["codec"]->com.fasterxml.jackson.databind.ObjectMapper["factory"]->com.fasterxml.jackson.databind.MappingJsonFactory["codec"]->com.fasterxml.jackson.databind.ObjectMapper["factory"]->com.fasterxml.jackson.databind.MappingJsonFactory["codec"]->com.fasterxml.jackson.databind.ObjectMapper["factory"]->com.fasterxml.jackson.databind.MappingJsonFactory["codec"]->com.fasterxml.jackson.databind.ObjectMapper["factory"]->com.fasterxml.jackson.databind.MappingJsonFactory["codec"]->com.fasterxml.jackson.databind.ObjectMapper["factory"]->com.fasterxml.jackson.databind.MappingJsonFactory["codec"]->com.fasterxml.jackson.databind.ObjectMapper["factory"]->com.fasterxml.jackson.databind.MappingJsonFactory["codec"]->com.fasterxml.jackson.databind.ObjectMapper["factory"]->com.fasterxml.jackson.databind.MappingJsonFactory["codec"]->com.fasterxml.jackson.databind.ObjectMapper["factory"]->com.fasterxml.jackson.databind.MappingJsonFactory["codec"]->com.fasterxml.jackson.databind.ObjectMapper["factory"]->com.fasterxml.jackson.databind.MappingJsonFactory["codec"]->com.fasterxml.jackson.databind.ObjectMapper["factory"]->com.fasterxml.jackson.databind.MappingJsonFactory["codec"]->com.fasterxml.jackson.databind.ObjectMapper["factory"]->com.fasterxml.jackson.databind.MappingJsonFactory["codec"]->com.fasterxml.jackson.databind.ObjectMapper["factory"]->com.fasterxml.jackson.databind.MappingJsonFactory["codec"]->com.fasterxml.jackson.databind.ObjectMapper["factory"]->com.fasterxml.jackson.databind.MappingJsonFactory["codec"]->com.fasterxml.jackson.databind.ObjectMapper["factory"]->com.fasterxml.jackson.databind.MappingJsonFactory["codec"]->com.fasterxml.jackson.databind.ObjectMapper["factory"]->com.fasterxml.jackson.databind.MappingJsonFactory["codec"]->com.fasterxml.jackson.databind.ObjectMapper["factory"]->com.fasterxml.jackson.databind.MappingJsonFactory["codec"]->com.fasterxml.jackson.databind.ObjectMapper["factory"]->com.fasterxml.jackson.databind.MappingJsonFactory["codec"]->com.fasterxm
[...]
at com.fasterxml.jackson.databind.ser.BeanSerializer.serialize(BeanSerializer.java:178)
at com.fasterxml.jackson.databind.ser.BeanPropertyWriter.serializeAsField(BeanPropertyWriter.java:728)
at com.fasterxml.jackson.databind.ser.std.BeanSerializerBase.serializeFields(BeanSerializerBase.java:770)
at com.fasterxml.jackson.databind.ser.BeanSerializer.serialize(BeanSerializer.java:178)
at com.fasterxml.jackson.databind.ser.BeanPropertyWriter.serializeAsField(BeanPropertyWriter.java:728)
at com.fasterxml.jackson.databind.ser.std.BeanSerializerBase.serializeFields(BeanSerializerBase.java:770)
at com.fasterxml.jackson.databind.ser.BeanSerializer.serialize(BeanSerializer.java:178)
at com.fasterxml.jackson.databind.ser.BeanPropertyWriter.serializeAsField(BeanPropertyWriter.java:728)
at com.fasterxml.jackson.databind.ser.std.BeanSerializerBase.serializeFields(BeanSerializerBase.java:770)
at com.fasterxml.jackson.databind.ser.BeanSerializer.serialize(BeanSerializer.java:178)
at com.fasterxml.jackson.databind.ser.BeanPropertyWriter.serializeAsField(BeanPropertyWriter.java:728)
at com.fasterxml.jackson.databind.ser.std.BeanSerializerBase.serializeFields(BeanSerializerBase.java:770)
at com.fasterxml.jackson.databind.ser.BeanSerializer.serialize(BeanSerializer.java:178)
at com.fasterxml.jackson.databind.ser.BeanPropertyWriter.serializeAsField(BeanPropertyWriter.java:728)
at com.fasterxml.jackson.databind.ser.std.BeanSerializerBase.serializeFields(BeanSerializerBase.java:770)
at com.fasterxml.jackson.databind.ser.BeanSerializer.serialize(BeanSerializer.java:178)
at com.fasterxml.jackson.databind.ser.BeanPropertyWriter.serializeAsField(BeanPropertyWriter.java:728)
at com.fasterxml.jackson.databind.ser.std.BeanSerializerBase.serializeFields(BeanSerializerBase.java:770)
at com.fasterxml.jackson.databind.ser.BeanSerializer.serialize(BeanSerializer.java:178)
at com.fasterxml.jackson.databind.ser.BeanPropertyWriter.serializeAsField(BeanPropertyWriter.java:728)
at com.fasterxml.jackson.databind.ser.std.BeanSerializerBase.serializeFields(BeanSerializerBase.java:770)
at com.fasterxml.jackson.databind.ser.BeanSerializer.serialize(BeanSerializer.java:178)
at com.fasterxml.jackson.databind.ser.BeanPropertyWriter.serializeAsField(BeanPropertyWriter.java:728)
at com.fasterxml.jackson.databind.ser.std.BeanSerializerBase.serializeFields(BeanSerializerBase.java:770)
at com.fasterxml.jackson.databind.ser.BeanSerializer.serialize(BeanSerializer.java:178)
at com.fasterxml.jackson.databind.ser.BeanPropertyWriter.serializeAsField(BeanPropertyWriter.java:728)
at com.fasterxml.jackson.databind.ser.std.BeanSerializerBase.serializeFields(BeanSerializerBase.java:770)
at com.fasterxml.jackson.databind.ser.BeanSerializer.serialize(BeanSerializer.java:178)
at com.fasterxml.jackson.databind.ser.BeanPropertyWriter.serializeAsField(BeanPropertyWriter.java:728)
at com.fasterxml.jackson.databind.ser.std.BeanSerializerBase.serializeFields(BeanSerializerBase.java:770)
at com.fasterxml.jackson.databind.ser.BeanSerializer.serialize(BeanSerializer.java:178)
at com.fasterxml.jackson.databind.ser.BeanPropertyWriter.serializeAsField(BeanPropertyWriter.java:728)
at com.fasterxml.jackson.databind.ser.std.BeanSerializerBase.serializeFields(BeanSerializerBase.java:770)
at com.fasterxml.jackson.databind.ser.BeanSerializer.serialize(BeanSerializer.java:178)
at com.fasterxml.jackson.databind.ser.BeanPropertyWriter.serializeAsField(BeanPropertyWriter.java:728)
at com.fasterxml.jackson.databind.ser.std.BeanSerializerBase.serializeFields(BeanSerializerBase.java:770)
at com.fasterxml.jackson.databind.ser.BeanSerializer.serialize(BeanSerializer.java:178)
at com.fasterxml.jackson.databind.ser.BeanPropertyWriter.serializeAsField(BeanPropertyWriter.java:728)
at com.fasterxml.jackson.databind.ser.std.BeanSerializerBase.serializeFields(BeanSerializerBase.java:770)
at com.fasterxml.jackson.databind.ser.BeanSerializer.serialize(BeanSerializer.java:178)
at com.fasterxml.jackson.databind.ser.BeanPropertyWriter.serializeAsField(BeanPropertyWriter.java:728)
at com.fasterxml.jackson.databind.ser.std.BeanSerializerBase.serializeFields(BeanSerializerBase.java:770)
at com.fasterxml.jackson.databind.ser.BeanSerializer.serialize(BeanSerializer.java:178)
at com.fasterxml.jackson.databind.ser.BeanPropertyWriter.serializeAsField(BeanPropertyWriter.java:728)
at com.fasterxml.jackson.databind.ser.std.BeanSerializerBase.serializeFields(BeanSerializerBase.java:770)
at com.fasterxml.jackson.databind.ser.BeanSerializer.serialize(BeanSerializer.java:178)
at com.fasterxml.jackson.databind.ser.BeanPropertyWriter.serializeAsField(BeanPropertyWriter.java:728)
at com.fasterxml.jackson.databind.ser.std.BeanSerializerBase.serializeFields(BeanSerializerBase.java:770)
at com.fasterxml.jackson.databind.ser.BeanSerializer.serialize(BeanSerializer.java:178)
at com.fasterxml.jackson.databind.ser.BeanPropertyWriter.serializeAsField(BeanPropertyWriter.java:728)
at com.fasterxml.jackson.databind.ser.std.BeanSerializerBase.serializeFields(BeanSerializerBase.java:770)
at com.fasterxml.jackson.databind.ser.BeanSerializer.serialize(BeanSerializer.java:178)
at com.fasterxml.jackson.databind.ser.BeanPropertyWriter.serializeAsField(BeanPropertyWriter.java:728)
at com.fasterxml.jackson.databind.ser.std.BeanSerializerBase.serializeFields(BeanSerializerBase.java:770)
at com.fasterxml.jackson.databind.ser.BeanSerializer.serialize(BeanSerializer.java:178)
at com.fasterxml.jackson.databind.ser.BeanPropertyWriter.serializeAsField(BeanPropertyWriter.java:728)
at com.fasterxml.jackson.databind.ser.std.BeanSerializerBase.serializeFields(BeanSerializerBase.java:770)
at com.fasterxml.jackson.databind.ser.BeanSerializer.serialize(BeanSerializer.java:178)
at com.fasterxml.jackson.databind.ser.BeanPropertyWriter.serializeAsField(BeanPropertyWriter.java:728)
at com.fasterxml.jackson.databind.ser.std.BeanSerializerBase.serializeFields(BeanSerializerBase.java:770)
at com.fasterxml.jackson.databind.ser.BeanSerializer.serialize(BeanSerializer.java:178)
at com.fasterxml.jackson.databind.ser.BeanPropertyWriter.serializeAsField(BeanPropertyWriter.java:728)
at com.fasterxml.jackson.databind.ser.std.BeanSerializerBase.serializeFields(BeanSerializerBase.java:770)
at com.fasterxml.jackson.databind.ser.BeanSerializer.serialize(BeanSerializer.java:178)
at com.fasterxml.jackson.databind.ser.BeanPropertyWriter.serializeAsField(BeanPropertyWriter.java:728)
at com.fasterxml.jackson.databind.ser.std.BeanSerializerBase.serializeFields(BeanSerializerBase.java:770)
at com.fasterxml.jackson.databind.ser.BeanSerializer.serialize(BeanSerializer.java:178)
at com.fasterxml.jackson.databind.ser.BeanPropertyWriter.serializeAsField(BeanPropertyWriter.java:728)
at com.fasterxml.jackson.databind.ser.std.BeanSerializerBase.serializeFields(BeanSerializerBase.java:770)
at com.fasterxml.jackson.databind.ser.BeanSerializer.serialize(BeanSerializer.java:178)
at com.fasterxml.jackson.databind.ser.BeanPropertyWriter.serializeAsField(BeanPropertyWriter.java:728)
at com.fasterxml.jackson.databind.ser.std.BeanSerializerBase.serializeFields(BeanSerializerBase.java:770)
at com.fasterxml.jackson.databind.ser.BeanSerializer.serialize(BeanSerializer.java:178)
at com.fasterxml.jackson.databind.ser.BeanPropertyWriter.serializeAsField(BeanPropertyWriter.java:728)
at com.fasterxml.jackson.databind.ser.std.BeanSerializerBase.serializeFields(BeanSerializerBase.java:770)
at com.fasterxml.jackson.databind.ser.BeanSerializer.serialize(BeanSerializer.java:178)
at com.fasterxml.jackson.databind.ser.BeanPropertyWriter.serializeAsField(BeanPropertyWriter.java:728)
at com.fasterxml.jackson.databind.ser.std.BeanSerializerBase.serializeFields(BeanSerializerBase.java:770)
at com.fasterxml.jackson.databind.ser.BeanSerializer.serialize(BeanSerializer.java:178)
at com.fasterxml.jackson.databind.ser.BeanPropertyWriter.serializeAsField(BeanPropertyWriter.java:728)
at com.fasterxml.jackson.databind.ser.std.BeanSerializerBase.serializeFields(BeanSerializerBase.java:770)
at com.fasterxml.jackson.databind.ser.BeanSerializer.serialize(BeanSerializer.java:178)
at com.fasterxml.jackson.databind.ser.BeanPropertyWriter.serializeAsField(BeanPropertyWriter.java:728)
at com.fasterxml.jackson.databind.ser.std.BeanSerializerBase.serializeFields(BeanSerializerBase.java:770)
at com.fasterxml.jackson.databind.ser.BeanSerializer.serialize(BeanSerializer.java:178)
at com.fasterxml.jackson.databind.ser.BeanPropertyWriter.serializeAsField(BeanPropertyWriter.java:728)
at com.fasterxml.jackson.databind.ser.std.BeanSerializerBase.serializeFields(BeanSerializerBase.java:770)
at com.fasterxml.jackson.databind.ser.BeanSerializer.serialize(BeanSerializer.java:178)
at com.fasterxml.jackson.databind.ser.BeanPropertyWriter.serializeAsField(BeanPropertyWriter.java:728)
at com.fasterxml.jackson.databind.ser.std.BeanSerializerBase.serializeFields(BeanSerializerBase.java:770)
at com.fasterxml.jackson.databind.ser.BeanSerializer.serialize(BeanSerializer.java:178)
at com.fasterxml.jackson.databind.ser.BeanPropertyWriter.serializeAsField(BeanPropertyWriter.java:728)
at com.fasterxml.jackson.databind.ser.std.BeanSerializerBase.serializeFields(BeanSerializerBase.java:770)
at com.fasterxml.jackson.databind.ser.BeanSerializer.serialize(BeanSerializer.java:178)
at com.fasterxml.jackson.databind.ser.BeanPropertyWriter.serializeAsField(BeanPropertyWriter.java:728)
at com.fasterxml.jackson.databind.ser.std.BeanSerializerBase.serializeFields(BeanSerializerBase.java:770)
at com.fasterxml.jackson.databind.ser.BeanSerializer.serialize(BeanSerializer.java:178)
at com.fasterxml.jackson.databind.ser.BeanPropertyWriter.serializeAsField(BeanPropertyWriter.java:728)
at com.fasterxml.jackson.databind.ser.std.BeanSerializerBase.serializeFields(BeanSerializerBase.java:770)
at com.fasterxml.jackson.databind.ser.BeanSerializer.serialize(BeanSerializer.java:178)
at com.fasterxml.jackson.databind.ser.BeanPropertyWriter.serializeAsField(BeanPropertyWriter.java:728)
at com.fasterxml.jackson.databind.ser.std.BeanSerializerBase.serializeFields(BeanSerializerBase.java:770)
at com.fasterxml.jackson.databind.ser.BeanSerializer.serialize(BeanSerializer.java:178)
at com.fasterxml.jackson.databind.ser.BeanPropertyWriter.serializeAsField(BeanPropertyWriter.java:728)
at com.fasterxml.jackson.databind.ser.std.BeanSerializerBase.serializeFields(BeanSerializerBase.java:770)
at com.fasterxml.jackson.databind.ser.BeanSerializer.serialize(BeanSerializer.java:178)
at com.fasterxml.jackson.databind.ser.BeanPropertyWriter.serializeAsField(BeanPropertyWriter.java:728)
at com.fasterxml.jackson.databind.ser.std.BeanSerializerBase.serializeFields(BeanSerializerBase.java:770)
at com.fasterxml.jackson.databind.ser.BeanSerializer.serialize(BeanSerializer.java:178)
at com.fasterxml.jackson.databind.ser.BeanPropertyWriter.serializeAsField(BeanPropertyWriter.java:728)
at com.fasterxml.jackson.databind.ser.std.BeanSerializerBase.serializeFields(BeanSerializerBase.java:770)
at com.fasterxml.jackson.databind.ser.BeanSerializer.serialize(BeanSerializer.java:178)
at com.fasterxml.jackson.databind.ser.BeanPropertyWriter.serializeAsField(BeanPropertyWriter.java:728)
at com.fasterxml.jackson.databind.ser.std.BeanSerializerBase.serializeFields(BeanSerializerBase.java:770)
at com.fasterxml.jackson.databind.ser.BeanSerializer.serialize(BeanSerializer.java:178)
at com.fasterxml.jackson.databind.ser.BeanPropertyWriter.serializeAsField(BeanPropertyWriter.java:728)
at com.fasterxml.jackson.databind.ser.std.BeanSerializerBase.serializeFields(BeanSerializerBase.java:770)
at com.fasterxml.jackson.databind.ser.BeanSerializer.serialize(BeanSerializer.java:178)
at com.fasterxml.jackson.databind.ser.BeanPropertyWriter.serializeAsField(BeanPropertyWriter.java:728)
at com.fasterxml.jackson.databind.ser.std.BeanSerializerBase.serializeFields(BeanSerializerBase.java:770)
at com.fasterxml.jackson.databind.ser.BeanSerializer.serialize(BeanSerializer.java:178)
at com.fasterxml.jackson.databind.ser.BeanPropertyWriter.serializeAsField(BeanPropertyWriter.java:728)
at com.fasterxml.jackson.databind.ser.std.BeanSerializerBase.serializeFields(BeanSerializerBase.java:770)
at com.fasterxml.jackson.databind.ser.BeanSerializer.serialize(BeanSerializer.java:178)
at com.fasterxml.jackson.databind.ser.BeanPropertyWriter.serializeAsField(BeanPropertyWriter.java:728)
at com.fasterxml.jackson.databind.ser.std.BeanSerializerBase.serializeFields(BeanSerializerBase.java:770)
at com.fasterxml.jackson.databind.ser.BeanSerializer.serialize(BeanSerializer.java:178)
at com.fasterxml.jackson.databind.ser.BeanPropertyWriter.serializeAsField(BeanPropertyWriter.java:728)
at com.fasterxml.jackson.databind.ser.std.BeanSerializerBase.serializeFields(BeanSerializerBase.java:770)
at com.fasterxml.jackson.databind.ser.BeanSerializer.serialize(BeanSerializer.java:178)
at com.fasterxml.jackson.databind.ser.BeanPropertyWriter.serializeAsField(BeanPropertyWriter.java:728)
at com.fasterxml.jackson.databind.ser.std.BeanSerializerBase.serializeFields(BeanSerializerBase.java:770)
at com.fasterxml.jackson.databind.ser.BeanSerializer.serialize(BeanSerializer.java:178)
at com.fasterxml.jackson.databind.ser.BeanPropertyWriter.serializeAsField(BeanPropertyWriter.java:728)
at com.fasterxml.jackson.databind.ser.std.BeanSerializerBase.serializeFields(BeanSerializerBase.java:770)
at com.fasterxml.jackson.databind.ser.BeanSerializer.serialize(BeanSerializer.java:178)
at com.fasterxml.jackson.databind.ser.BeanPropertyWriter.serializeAsField(BeanPropertyWriter.java:728)
at com.fasterxml.jackson.databind.ser.std.BeanSerializerBase.serializeFields(BeanSerializerBase.java:770)
at com.fasterxml.jackson.databind.ser.BeanSerializer.serialize(BeanSerializer.java:178)
at com.fasterxml.jackson.databind.ser.BeanPropertyWriter.serializeAsField(BeanPropertyWriter.java:728)
at com.fasterxml.jackson.databind.ser.std.BeanSerializerBase.serializeFields(BeanSerializerBase.java:770)
at com.fasterxml.jackson.databind.ser.BeanSerializer.serialize(BeanSerializer.java:178)
at com.fasterxml.jackson.databind.ser.BeanPropertyWriter.serializeAsField(BeanPropertyWriter.java:728)
at com.fasterxml.jackson.databind.ser.std.BeanSerializerBase.serializeFields(BeanSerializerBase.java:770)
at com.fasterxml.jackson.databind.ser.BeanSerializer.serialize(BeanSerializer.java:178)
at com.fasterxml.jackson.databind.ser.BeanPropertyWriter.serializeAsField(BeanPropertyWriter.java:728)
at com.fasterxml.jackson.databind.ser.std.BeanSerializerBase.serializeFields(BeanSerializerBase.java:770)
at com.fasterxml.jackson.databind.ser.BeanSerializer.serialize(BeanSerializer.java:178)
at com.fasterxml.jackson.databind.ser.BeanPropertyWriter.serializeAsField(BeanPropertyWriter.java:728)
at com.fasterxml.jackson.databind.ser.std.BeanSerializerBase.serializeFields(BeanSerializerBase.java:770)
Caused by: java.lang.StackOverflowError
at java.base/java.lang.Exception.<init>(Exception.java:85)
at java.base/java.io.IOException.<init>(IOException.java:80)
at com.fasterxml.jackson.core.JacksonException.<init>(JacksonException.java:26)
at com.fasterxml.jackson.core.JsonProcessingException.<init>(JsonProcessingException.java:25)
at com.fasterxml.jackson.core.JsonProcessingException.<init>(JsonProcessingException.java:38)
at com.fasterxml.jackson.databind.JsonMappingException.<init>(JsonMappingException.java:245)
at com.fasterxml.jackson.databind.ser.std.BeanSerializerBase.serializeFields(BeanSerializerBase.java:785)
... 1017 more
]]>
    </error>
  </testcase> <!-- ConvertPojoToJSON -->
  <system-out/>
  <testcase classname="Day6.SerialnDeserialation" name="ConvertJONtoPOJO" time="0.499">
    <error message="Unrecognized field &quot;phone&quot; (class Day6.Student), not marked as ignorable (4 known properties: &quot;name&quot;, &quot;location&quot;, &quot;course&quot;, &quot;classs&quot;])
 at [Source: (String)&quot;{
&quot;name&quot;:&quot;india&quot;,
&quot;phone&quot;:&quot;12345678&quot;,
&quot;courses&quot;:[
&quot;java&quot;,
&quot;selenium&quot;
]
}&quot;; line: 3, column: 10] (through reference chain: Day6.Student[&quot;phone&quot;])" type="com.fasterxml.jackson.databind.exc.UnrecognizedPropertyException">
      <![CDATA[com.fasterxml.jackson.databind.exc.UnrecognizedPropertyException: Unrecognized field "phone" (class Day6.Student), not marked as ignorable (4 known properties: "name", "location", "course", "classs"])
 at [Source: (String)"{
"name":"india",
"phone":"12345678",
"courses":[
"java",
"selenium"
]
}"; line: 3, column: 10] (through reference chain: Day6.Student["phone"])
at com.fasterxml.jackson.databind.exc.UnrecognizedPropertyException.from(UnrecognizedPropertyException.java:61)
at com.fasterxml.jackson.databind.DeserializationContext.handleUnknownProperty(DeserializationContext.java:987)
at com.fasterxml.jackson.databind.deser.std.StdDeserializer.handleUnknownProperty(StdDeserializer.java:1974)
at com.fasterxml.jackson.databind.deser.BeanDeserializerBase.handleUnknownProperty(BeanDeserializerBase.java:1701)
at com.fasterxml.jackson.databind.deser.BeanDeserializerBase.handleUnknownVanilla(BeanDeserializerBase.java:1679)
at com.fasterxml.jackson.databind.deser.BeanDeserializer.vanillaDeserialize(BeanDeserializer.java:330)
at com.fasterxml.jackson.databind.deser.BeanDeserializer.deserialize(BeanDeserializer.java:187)
at com.fasterxml.jackson.databind.deser.DefaultDeserializationContext.readRootValue(DefaultDeserializationContext.java:322)
at com.fasterxml.jackson.databind.ObjectMapper._readMapAndClose(ObjectMapper.java:4593)
at com.fasterxml.jackson.databind.ObjectMapper.readValue(ObjectMapper.java:3548)
at com.fasterxml.jackson.databind.ObjectMapper.readValue(ObjectMapper.java:3516)
at Day6.SerialnDeserialation.ConvertJONtoPOJO(SerialnDeserialation.java:48)
at java.base/jdk.internal.reflect.NativeMethodAccessorImpl.invoke0(Native Method)
at java.base/jdk.internal.reflect.NativeMethodAccessorImpl.invoke(NativeMethodAccessorImpl.java:77)
at java.base/jdk.internal.reflect.DelegatingMethodAccessorImpl.invoke(DelegatingMethodAccessorImpl.java:43)
at java.base/java.lang.reflect.Method.invoke(Method.java:568)
at org.testng.internal.invokers.MethodInvocationHelper.invokeMethod(MethodInvocationHelper.java:139)
at org.testng.internal.invokers.TestInvoker.invokeMethod(TestInvoker.java:677)
at org.testng.internal.invokers.TestInvoker.invokeTestMethod(TestInvoker.java:221)
at org.testng.internal.invokers.MethodRunner.runInSequence(MethodRunner.java:50)
at org.testng.internal.invokers.TestInvoker$MethodInvocationAgent.invoke(TestInvoker.java:969)
at org.testng.internal.invokers.TestInvoker.invokeTestMethods(TestInvoker.java:194)
at org.testng.internal.invokers.TestMethodWorker.invokeTestMethods(TestMethodWorker.java:148)
at org.testng.internal.invokers.TestMethodWorker.run(TestMethodWorker.java:128)
at java.base/java.util.ArrayList.forEach(ArrayList.java:1511)
at org.testng.TestRunner.privateRun(TestRunner.java:829)
at org.testng.TestRunner.run(TestRunner.java:602)
at org.testng.SuiteRunner.runTest(SuiteRunner.java:437)
at org.testng.SuiteRunner.runSequentially(SuiteRunner.java:431)
at org.testng.SuiteRunner.privateRun(SuiteRunner.java:391)
at org.testng.SuiteRunner.run(SuiteRunner.java:330)
at org.testng.SuiteRunnerWorker.runSuite(SuiteRunnerWorker.java:52)
at org.testng.SuiteRunnerWorker.run(SuiteRunnerWorker.java:95)
at org.testng.TestNG.runSuitesSequentially(TestNG.java:1256)
at org.testng.TestNG.runSuitesLocally(TestNG.java:1176)
at org.testng.TestNG.runSuites(TestNG.java:1099)
at org.testng.TestNG.run(TestNG.java:1067)
at org.testng.remote.AbstractRemoteTestNG.run(AbstractRemoteTestNG.java:115)
at org.testng.remote.RemoteTestNG.initAndRun(RemoteTestNG.java:251)
at org.testng.remote.RemoteTestNG.main(RemoteTestNG.java:77)
]]>
    </error>
  </testcase> <!-- ConvertJONtoPOJO -->
  <system-out/>
</testsuite> <!-- Day6.SerialnDeserialation -->
